<?xml version="1.0" encoding="UTF-8"?>
<!-- Generated by org.testng.reporters.JUnitXMLReporter -->
<testsuite hostname="PINENOIL12364" failures="3" tests="34" name="Surefire test" time="150.646" errors="0" timestamp="31 Mar 2022 17:51:29 GMT">
  <testcase classname="com.pinelabs.RnD.WebUITest.GoogleDemoTest" name="@AfterMethod generate" time="0.0">
    <failure type="org.openqa.selenium.WebDriverException" message="chrome not reachable
  (Session info: chrome=99.0.4844.82)
Build info: version: &amp;apos;3.9.1&amp;apos;, revision: &amp;apos;63f7b50&amp;apos;, time: &amp;apos;2018-02-07T22:25:02.294Z&amp;apos;
System info: host: &amp;apos;PINENOIL12364&amp;apos;, ip: &amp;apos;172.17.112.1&amp;apos;, os.name: &amp;apos;Windows 10&amp;apos;, os.arch: &amp;apos;amd64&amp;apos;, os.version: &amp;apos;10.0&amp;apos;, java.version: &amp;apos;17.0.1&amp;apos;
Driver info: org.openqa.selenium.chrome.ChromeDriver
Capabilities {acceptInsecureCerts: false, browserName: chrome, browserVersion: 99.0.4844.82, chrome: {chromedriverVersion: 99.0.4844.51 (d537ec02474b5..., userDataDir: C:\Users\HIMANS~1.SIS\AppDa...}, goog:chromeOptions: {debuggerAddress: localhost:54369}, javascriptEnabled: true, networkConnectionEnabled: false, pageLoadStrategy: normal, platform: WINDOWS, platformName: WINDOWS, proxy: Proxy(), setWindowRect: true, strictFileInteractability: false, timeouts: {implicit: 0, pageLoad: 300000, script: 30000}, unhandledPromptBehavior: dismiss and notify, webauthn:extension:credBlob: true, webauthn:extension:largeBlob: true, webauthn:virtualAuthenticators: true}
Session ID: 708a9b61087e2405d751eb21e09be467">
      <![CDATA[org.openqa.selenium.WebDriverException: chrome not reachable
  (Session info: chrome=99.0.4844.82)
Build info: version: '3.9.1', revision: '63f7b50', time: '2018-02-07T22:25:02.294Z'
System info: host: 'PINENOIL12364', ip: '172.17.112.1', os.name: 'Windows 10', os.arch: 'amd64', os.version: '10.0', java.version: '17.0.1'
Driver info: org.openqa.selenium.chrome.ChromeDriver
Capabilities {acceptInsecureCerts: false, browserName: chrome, browserVersion: 99.0.4844.82, chrome: {chromedriverVersion: 99.0.4844.51 (d537ec02474b5..., userDataDir: C:\Users\HIMANS~1.SIS\AppDa...}, goog:chromeOptions: {debuggerAddress: localhost:54369}, javascriptEnabled: true, networkConnectionEnabled: false, pageLoadStrategy: normal, platform: WINDOWS, platformName: WINDOWS, proxy: Proxy(), setWindowRect: true, strictFileInteractability: false, timeouts: {implicit: 0, pageLoad: 300000, script: 30000}, unhandledPromptBehavior: dismiss and notify, webauthn:extension:credBlob: true, webauthn:extension:largeBlob: true, webauthn:virtualAuthenticators: true}
Session ID: 708a9b61087e2405d751eb21e09be467
	at org.openqa.selenium.remote.http.W3CHttpResponseCodec.createException(W3CHttpResponseCodec.java:187)
	at org.openqa.selenium.remote.http.W3CHttpResponseCodec.decode(W3CHttpResponseCodec.java:122)
	at org.openqa.selenium.remote.http.W3CHttpResponseCodec.decode(W3CHttpResponseCodec.java:49)
	at org.openqa.selenium.remote.HttpCommandExecutor.execute(HttpCommandExecutor.java:160)
	at org.openqa.selenium.remote.service.DriverCommandExecutor.execute(DriverCommandExecutor.java:83)
	at org.openqa.selenium.remote.RemoteWebDriver.execute(RemoteWebDriver.java:601)
	at org.openqa.selenium.remote.RemoteWebDriver.execute(RemoteWebDriver.java:658)
	at org.openqa.selenium.remote.RemoteWebDriver.getScreenshotAs(RemoteWebDriver.java:343)
	at com.pinelabs.RnD.WebUI.Base.SeleniumUtilities.getScreenshot(SeleniumUtilities.java:150)
	at com.pinelabs.RnD.WebUI.CommonUtilsWebUI.ExtentSparkReport.generateReport(ExtentSparkReport.java:69)
	at com.pinelabs.RnD.WebUITest.GoogleDemoTest.generate(GoogleDemoTest.java:77)
	at org.apache.maven.surefire.testng.TestNGExecutor.run(TestNGExecutor.java:135)
	at org.apache.maven.surefire.testng.TestNGDirectoryTestSuite.executeMulti(TestNGDirectoryTestSuite.java:193)
	at org.apache.maven.surefire.testng.TestNGDirectoryTestSuite.execute(TestNGDirectoryTestSuite.java:94)
	at org.apache.maven.surefire.testng.TestNGProvider.invoke(TestNGProvider.java:146)
	at org.apache.maven.surefire.booter.ForkedBooter.invokeProviderInSameClassLoader(ForkedBooter.java:384)
	at org.apache.maven.surefire.booter.ForkedBooter.runSuitesInProcess(ForkedBooter.java:345)
	at org.apache.maven.surefire.booter.ForkedBooter.execute(ForkedBooter.java:126)
	at org.apache.maven.surefire.booter.ForkedBooter.main(ForkedBooter.java:418)
... Removed 28 stack frames]]>
    </failure>
  </testcase> <!-- @AfterMethod generate -->
  <testcase classname="com.pinelabs.RnD.AndroidTest.IrisAppTest" name="@BeforeClass initiation" time="0.0">
    <failure type="com.mongodb.MongoTimeoutException" message="Timed out after 30000 ms while waiting to connect. Client view of cluster state is {type=UNKNOWN, servers=[{address=192.168.100.127:27017, type=UNKNOWN, state=CONNECTING, exception={com.mongodb.MongoSocketOpenException: Exception opening socket}, caused by {java.net.SocketTimeoutException: Connect timed out}}]">
      <![CDATA[com.mongodb.MongoTimeoutException: Timed out after 30000 ms while waiting to connect. Client view of cluster state is {type=UNKNOWN, servers=[{address=192.168.100.127:27017, type=UNKNOWN, state=CONNECTING, exception={com.mongodb.MongoSocketOpenException: Exception opening socket}, caused by {java.net.SocketTimeoutException: Connect timed out}}]
	at com.mongodb.internal.connection.BaseCluster.getDescription(BaseCluster.java:182)
	at com.mongodb.internal.connection.SingleServerCluster.getDescription(SingleServerCluster.java:41)
	at com.mongodb.client.internal.MongoClientDelegate.getConnectedClusterDescription(MongoClientDelegate.java:150)
	at com.mongodb.client.internal.MongoClientDelegate.createClientSession(MongoClientDelegate.java:102)
	at com.mongodb.client.internal.MongoClientDelegate$DelegateOperationExecutor.getClientSession(MongoClientDelegate.java:282)
	at com.mongodb.client.internal.MongoClientDelegate$DelegateOperationExecutor.execute(MongoClientDelegate.java:186)
	at com.mongodb.client.internal.MongoIterableImpl.execute(MongoIterableImpl.java:143)
	at com.mongodb.client.internal.MongoIterableImpl.iterator(MongoIterableImpl.java:92)
	at com.mongodb.client.internal.MappingIterable.iterator(MappingIterable.java:39)
	at com.pinelabs.RnD.CommonUtils.CommonUtils.dbValidation(CommonUtils.java:69)
	at com.pinelabs.RnD.CommonUtils.CommonUtils.findCollectionFromDb(CommonUtils.java:79)
	at com.pinelabs.RnD.CommonUtils.CommonUtils.findRowBasedOnColumn(CommonUtils.java:85)
	at com.pinelabs.RnD.AndroidTest.IrisAppTest.initiation(IrisAppTest.java:26)
	at org.apache.maven.surefire.testng.TestNGExecutor.run(TestNGExecutor.java:135)
	at org.apache.maven.surefire.testng.TestNGDirectoryTestSuite.executeMulti(TestNGDirectoryTestSuite.java:193)
	at org.apache.maven.surefire.testng.TestNGDirectoryTestSuite.execute(TestNGDirectoryTestSuite.java:94)
	at org.apache.maven.surefire.testng.TestNGProvider.invoke(TestNGProvider.java:146)
	at org.apache.maven.surefire.booter.ForkedBooter.invokeProviderInSameClassLoader(ForkedBooter.java:384)
	at org.apache.maven.surefire.booter.ForkedBooter.runSuitesInProcess(ForkedBooter.java:345)
	at org.apache.maven.surefire.booter.ForkedBooter.execute(ForkedBooter.java:126)
	at org.apache.maven.surefire.booter.ForkedBooter.main(ForkedBooter.java:418)
... Removed 21 stack frames]]>
    </failure>
  </testcase> <!-- @BeforeClass initiation -->
  <testcase classname="com.pinelabs.RnD.AndroidTest.PaymentsUPIValidationsTest" name="@BeforeClass getInstances" time="0.0">
    <failure type="java.lang.NoClassDefFoundError" message="org/openqa/selenium/remote/AcceptedW3CCapabilityKeys">
      <![CDATA[java.lang.NoClassDefFoundError: org/openqa/selenium/remote/AcceptedW3CCapabilityKeys
	at io.appium.java_client.remote.NewAppiumSessionPayload.<clinit>(NewAppiumSessionPayload.java:98)
	at io.appium.java_client.remote.AppiumCommandExecutor$1.createSession(AppiumCommandExecutor.java:175)
	at io.appium.java_client.remote.AppiumCommandExecutor.createSession(AppiumCommandExecutor.java:217)
	at io.appium.java_client.remote.AppiumCommandExecutor.execute(AppiumCommandExecutor.java:239)
	at org.openqa.selenium.remote.RemoteWebDriver.execute(RemoteWebDriver.java:601)
	at io.appium.java_client.DefaultGenericMobileDriver.execute(DefaultGenericMobileDriver.java:42)
	at io.appium.java_client.AppiumDriver.execute(AppiumDriver.java:1)
	at io.appium.java_client.android.AndroidDriver.execute(AndroidDriver.java:1)
	at org.openqa.selenium.remote.RemoteWebDriver.startSession(RemoteWebDriver.java:219)
	at org.openqa.selenium.remote.RemoteWebDriver.<init>(RemoteWebDriver.java:142)
	at io.appium.java_client.DefaultGenericMobileDriver.<init>(DefaultGenericMobileDriver.java:38)
	at io.appium.java_client.AppiumDriver.<init>(AppiumDriver.java:84)
	at io.appium.java_client.AppiumDriver.<init>(AppiumDriver.java:94)
	at io.appium.java_client.android.AndroidDriver.<init>(AndroidDriver.java:95)
	at com.pinelabs.RnD.AndroidUI.Base.AppiumUtilities.setUpConnection(AppiumUtilities.java:120)
	at com.pinelabs.RnD.AndroidTest.PaymentsUPIValidationsTest.getInstances(PaymentsUPIValidationsTest.java:31)
	at org.apache.maven.surefire.testng.TestNGExecutor.run(TestNGExecutor.java:135)
	at org.apache.maven.surefire.testng.TestNGDirectoryTestSuite.executeMulti(TestNGDirectoryTestSuite.java:193)
	at org.apache.maven.surefire.testng.TestNGDirectoryTestSuite.execute(TestNGDirectoryTestSuite.java:94)
	at org.apache.maven.surefire.testng.TestNGProvider.invoke(TestNGProvider.java:146)
	at org.apache.maven.surefire.booter.ForkedBooter.invokeProviderInSameClassLoader(ForkedBooter.java:384)
	at org.apache.maven.surefire.booter.ForkedBooter.runSuitesInProcess(ForkedBooter.java:345)
	at org.apache.maven.surefire.booter.ForkedBooter.execute(ForkedBooter.java:126)
	at org.apache.maven.surefire.booter.ForkedBooter.main(ForkedBooter.java:418)
Caused by: java.lang.ClassNotFoundException: org.openqa.selenium.remote.AcceptedW3CCapabilityKeys
	at java.base/jdk.internal.loader.BuiltinClassLoader.loadClass(BuiltinClassLoader.java:641)
	at java.base/jdk.internal.loader.ClassLoaders$AppClassLoader.loadClass(ClassLoaders.java:188)
	at java.base/java.lang.ClassLoader.loadClass(ClassLoader.java:520)
	... 45 more
... Removed 21 stack frames]]>
    </failure>
  </testcase> <!-- @BeforeClass getInstances -->
  <testcase classname="com.pinelabs.RnD.WebUITest.GoogleDemoTest" name="fetchJsonData" time="0.016"/>
  <testcase classname="com.pinelabs.RnD.WebUITest.GoogleDemoTest" name="launchGoogle" time="27.964">
    <failure type="java.lang.NullPointerException" message="Cannot invoke &amp;quot;java.sql.Connection.createStatement()&amp;quot; because &amp;quot;com.pinelabs.RnD.WebUI.CommonUtilsWebUI.SQLDatabaseUtility.con&amp;quot; is null">
      <![CDATA[java.lang.NullPointerException: Cannot invoke "java.sql.Connection.createStatement()" because "com.pinelabs.RnD.WebUI.CommonUtilsWebUI.SQLDatabaseUtility.con" is null
	at com.pinelabs.RnD.WebUI.CommonUtilsWebUI.SQLDatabaseUtility.executeSelectquery(SQLDatabaseUtility.java:46)
	at com.pinelabs.RnD.WebUITest.GoogleDemoTest.launchGoogle(GoogleDemoTest.java:59)
	at org.apache.maven.surefire.testng.TestNGExecutor.run(TestNGExecutor.java:135)
	at org.apache.maven.surefire.testng.TestNGDirectoryTestSuite.executeMulti(TestNGDirectoryTestSuite.java:193)
	at org.apache.maven.surefire.testng.TestNGDirectoryTestSuite.execute(TestNGDirectoryTestSuite.java:94)
	at org.apache.maven.surefire.testng.TestNGProvider.invoke(TestNGProvider.java:146)
	at org.apache.maven.surefire.booter.ForkedBooter.invokeProviderInSameClassLoader(ForkedBooter.java:384)
	at org.apache.maven.surefire.booter.ForkedBooter.runSuitesInProcess(ForkedBooter.java:345)
	at org.apache.maven.surefire.booter.ForkedBooter.execute(ForkedBooter.java:126)
	at org.apache.maven.surefire.booter.ForkedBooter.main(ForkedBooter.java:418)
... Removed 21 stack frames]]>
    </failure>
  </testcase> <!-- launchGoogle -->
  <testcase classname="com.pinelabs.RnD.WebUITest.GoogleDemoTest" name="launchpcui" time="61.763">
    <failure type="org.openqa.selenium.TimeoutException" message="Expected condition failed: waiting for visibility of element located by By.xpath: //img[@src=&amp;apos;Captcha.aspx&amp;apos;] (tried for 10 second(s) with 500 MILLISECONDS interval)">
      <![CDATA[org.openqa.selenium.TimeoutException: Expected condition failed: waiting for visibility of element located by By.xpath: //img[@src='Captcha.aspx'] (tried for 10 second(s) with 500 MILLISECONDS interval)
	at org.openqa.selenium.support.ui.WebDriverWait.timeoutException(WebDriverWait.java:82)
	at org.openqa.selenium.support.ui.FluentWait.until(FluentWait.java:231)
	at com.pinelabs.RnD.WebUI.Base.SeleniumUtilities.getElement(SeleniumUtilities.java:505)
	at com.pinelabs.RnD.WebUI.POM.GoogleDemoPage.captchatxt(GoogleDemoPage.java:30)
	at com.pinelabs.RnD.WebUITest.GoogleDemoTest.launchpcui(GoogleDemoTest.java:72)
	at org.apache.maven.surefire.testng.TestNGExecutor.run(TestNGExecutor.java:135)
	at org.apache.maven.surefire.testng.TestNGDirectoryTestSuite.executeMulti(TestNGDirectoryTestSuite.java:193)
	at org.apache.maven.surefire.testng.TestNGDirectoryTestSuite.execute(TestNGDirectoryTestSuite.java:94)
	at org.apache.maven.surefire.testng.TestNGProvider.invoke(TestNGProvider.java:146)
	at org.apache.maven.surefire.booter.ForkedBooter.invokeProviderInSameClassLoader(ForkedBooter.java:384)
	at org.apache.maven.surefire.booter.ForkedBooter.runSuitesInProcess(ForkedBooter.java:345)
	at org.apache.maven.surefire.booter.ForkedBooter.execute(ForkedBooter.java:126)
	at org.apache.maven.surefire.booter.ForkedBooter.main(ForkedBooter.java:418)
Caused by: org.openqa.selenium.NoSuchElementException: Cannot locate an element using By.xpath: //img[@src='Captcha.aspx']
For documentation on this error, please visit: http://seleniumhq.org/exceptions/no_such_element.html
Build info: version: '3.9.1', revision: '63f7b50', time: '2018-02-07T22:25:02.294Z'
System info: host: 'PINENOIL12364', ip: '172.17.112.1', os.name: 'Windows 10', os.arch: 'amd64', os.version: '10.0', java.version: '17.0.1'
Driver info: driver.version: unknown
	at org.openqa.selenium.support.ui.ExpectedConditions.lambda$findElement$0(ExpectedConditions.java:896)
	at java.base/java.util.Optional.orElseThrow(Optional.java:403)
	at org.openqa.selenium.support.ui.ExpectedConditions.findElement(ExpectedConditions.java:895)
	at org.openqa.selenium.support.ui.ExpectedConditions.access$000(ExpectedConditions.java:44)
	at org.openqa.selenium.support.ui.ExpectedConditions$7.apply(ExpectedConditions.java:206)
	at org.openqa.selenium.support.ui.ExpectedConditions$7.apply(ExpectedConditions.java:202)
	at org.openqa.selenium.support.ui.FluentWait.until(FluentWait.java:208)
	... 32 more
... Removed 21 stack frames]]>
    </failure>
  </testcase> <!-- launchpcui -->
  <testcase classname="com.pinelabs.RnD.WebUITest.GoogleDemoTest" name="m2" time="0.029">
    <skipped/>
  </testcase> <!-- m2 -->
  <testcase classname="com.pinelabs.RnD.WebUITest.GoogleDemoTest" name="searchGoogle" time="14.811">
    <failure type="org.openqa.selenium.WebDriverException" message="chrome not reachable
  (Session info: chrome=99.0.4844.82)
Build info: version: &amp;apos;3.9.1&amp;apos;, revision: &amp;apos;63f7b50&amp;apos;, time: &amp;apos;2018-02-07T22:25:02.294Z&amp;apos;
System info: host: &amp;apos;PINENOIL12364&amp;apos;, ip: &amp;apos;172.17.112.1&amp;apos;, os.name: &amp;apos;Windows 10&amp;apos;, os.arch: &amp;apos;amd64&amp;apos;, os.version: &amp;apos;10.0&amp;apos;, java.version: &amp;apos;17.0.1&amp;apos;
Driver info: org.openqa.selenium.chrome.ChromeDriver
Capabilities {acceptInsecureCerts: false, browserName: chrome, browserVersion: 99.0.4844.82, chrome: {chromedriverVersion: 99.0.4844.51 (d537ec02474b5..., userDataDir: C:\Users\HIMANS~1.SIS\AppDa...}, goog:chromeOptions: {debuggerAddress: localhost:54369}, javascriptEnabled: true, networkConnectionEnabled: false, pageLoadStrategy: normal, platform: WINDOWS, platformName: WINDOWS, proxy: Proxy(), setWindowRect: true, strictFileInteractability: false, timeouts: {implicit: 0, pageLoad: 300000, script: 30000}, unhandledPromptBehavior: dismiss and notify, webauthn:extension:credBlob: true, webauthn:extension:largeBlob: true, webauthn:virtualAuthenticators: true}
Session ID: 708a9b61087e2405d751eb21e09be467
*** Element info: {Using=xpath, value=//input[@title=&amp;apos;Search&amp;apos;]}">
      <![CDATA[org.openqa.selenium.WebDriverException: chrome not reachable
  (Session info: chrome=99.0.4844.82)
Build info: version: '3.9.1', revision: '63f7b50', time: '2018-02-07T22:25:02.294Z'
System info: host: 'PINENOIL12364', ip: '172.17.112.1', os.name: 'Windows 10', os.arch: 'amd64', os.version: '10.0', java.version: '17.0.1'
Driver info: org.openqa.selenium.chrome.ChromeDriver
Capabilities {acceptInsecureCerts: false, browserName: chrome, browserVersion: 99.0.4844.82, chrome: {chromedriverVersion: 99.0.4844.51 (d537ec02474b5..., userDataDir: C:\Users\HIMANS~1.SIS\AppDa...}, goog:chromeOptions: {debuggerAddress: localhost:54369}, javascriptEnabled: true, networkConnectionEnabled: false, pageLoadStrategy: normal, platform: WINDOWS, platformName: WINDOWS, proxy: Proxy(), setWindowRect: true, strictFileInteractability: false, timeouts: {implicit: 0, pageLoad: 300000, script: 30000}, unhandledPromptBehavior: dismiss and notify, webauthn:extension:credBlob: true, webauthn:extension:largeBlob: true, webauthn:virtualAuthenticators: true}
Session ID: 708a9b61087e2405d751eb21e09be467
*** Element info: {Using=xpath, value=//input[@title='Search']}
	at org.openqa.selenium.remote.http.W3CHttpResponseCodec.createException(W3CHttpResponseCodec.java:187)
	at org.openqa.selenium.remote.http.W3CHttpResponseCodec.decode(W3CHttpResponseCodec.java:122)
	at org.openqa.selenium.remote.http.W3CHttpResponseCodec.decode(W3CHttpResponseCodec.java:49)
	at org.openqa.selenium.remote.HttpCommandExecutor.execute(HttpCommandExecutor.java:160)
	at org.openqa.selenium.remote.service.DriverCommandExecutor.execute(DriverCommandExecutor.java:83)
	at org.openqa.selenium.remote.RemoteWebDriver.execute(RemoteWebDriver.java:601)
	at org.openqa.selenium.remote.RemoteWebDriver.findElements(RemoteWebDriver.java:398)
	at org.openqa.selenium.remote.RemoteWebDriver.findElementsByXPath(RemoteWebDriver.java:477)
	at org.openqa.selenium.By$ByXPath.findElements(By.java:356)
	at org.openqa.selenium.remote.RemoteWebDriver.findElements(RemoteWebDriver.java:359)
	at org.openqa.selenium.support.ui.ExpectedConditions.findElement(ExpectedConditions.java:895)
	at org.openqa.selenium.support.ui.ExpectedConditions.access$000(ExpectedConditions.java:44)
	at org.openqa.selenium.support.ui.ExpectedConditions$7.apply(ExpectedConditions.java:206)
	at org.openqa.selenium.support.ui.ExpectedConditions$7.apply(ExpectedConditions.java:202)
	at org.openqa.selenium.support.ui.FluentWait.until(FluentWait.java:208)
	at com.pinelabs.RnD.WebUI.Base.SeleniumUtilities.getElement(SeleniumUtilities.java:505)
	at com.pinelabs.RnD.WebUI.Base.SeleniumUtilities.clickOnElement(SeleniumUtilities.java:232)
	at com.pinelabs.RnD.WebUI.POM.GoogleDemoPage.searchText(GoogleDemoPage.java:25)
	at com.pinelabs.RnD.WebUITest.GoogleDemoTest.searchGoogle(GoogleDemoTest.java:65)
	at org.apache.maven.surefire.testng.TestNGExecutor.run(TestNGExecutor.java:135)
	at org.apache.maven.surefire.testng.TestNGDirectoryTestSuite.executeMulti(TestNGDirectoryTestSuite.java:193)
	at org.apache.maven.surefire.testng.TestNGDirectoryTestSuite.execute(TestNGDirectoryTestSuite.java:94)
	at org.apache.maven.surefire.testng.TestNGProvider.invoke(TestNGProvider.java:146)
	at org.apache.maven.surefire.booter.ForkedBooter.invokeProviderInSameClassLoader(ForkedBooter.java:384)
	at org.apache.maven.surefire.booter.ForkedBooter.runSuitesInProcess(ForkedBooter.java:345)
	at org.apache.maven.surefire.booter.ForkedBooter.execute(ForkedBooter.java:126)
	at org.apache.maven.surefire.booter.ForkedBooter.main(ForkedBooter.java:418)
... Removed 26 stack frames]]>
    </failure>
  </testcase> <!-- searchGoogle -->
  <testcase classname="com.pinelabs.RnD.AndroidTest.IrisAppTest" name="validateTextBoxes" time="0.0">
    <skipped/>
  </testcase> <!-- validateTextBoxes -->
  <testcase classname="com.pinelabs.RnD.AndroidTest.IrisAppTest" name="validateRadioButtons" time="0.0">
    <skipped/>
  </testcase> <!-- validateRadioButtons -->
  <testcase classname="com.pinelabs.RnD.AndroidTest.IrisAppTest" name="getMasterData" time="0.001">
    <skipped/>
  </testcase> <!-- getMasterData -->
  <testcase classname="com.pinelabs.RnD.AndroidTest.PaymentsUPIValidationsTest" name="iCICI_UPI_001" time="0.0">
    <skipped/>
  </testcase> <!-- iCICI_UPI_001 -->
  <testcase classname="com.pinelabs.RnD.AndroidTest.PaymentsUPIValidationsTest" name="iCICI_UPI_002" time="0.0">
    <skipped/>
  </testcase> <!-- iCICI_UPI_002 -->
  <testcase classname="com.pinelabs.RnD.AndroidTest.PaymentsUPIValidationsTest" name="iCICI_UPI_003" time="0.0">
    <skipped/>
  </testcase> <!-- iCICI_UPI_003 -->
  <testcase classname="com.pinelabs.RnD.AndroidTest.PaymentsUPIValidationsTest" name="iCICI_UPI_004" time="0.0">
    <skipped/>
  </testcase> <!-- iCICI_UPI_004 -->
  <testcase classname="com.pinelabs.RnD.AndroidTest.PaymentsUPIValidationsTest" name="iCICI_UPI_005" time="0.0">
    <skipped/>
  </testcase> <!-- iCICI_UPI_005 -->
  <testcase classname="com.pinelabs.RnD.AndroidTest.PaymentsUPIValidationsTest" name="iCICI_UPI_005a" time="0.001">
    <skipped/>
  </testcase> <!-- iCICI_UPI_005a -->
  <testcase classname="com.pinelabs.RnD.AndroidTest.PaymentsUPIValidationsTest" name="iCICI_UPI_005b" time="0.0">
    <skipped/>
  </testcase> <!-- iCICI_UPI_005b -->
  <testcase classname="com.pinelabs.RnD.AndroidTest.PaymentsUPIValidationsTest" name="iCICI_UPI_010" time="0.0">
    <skipped/>
  </testcase> <!-- iCICI_UPI_010 -->
  <testcase classname="com.pinelabs.RnD.AndroidTest.PaymentsUPIValidationsTest" name="iCICI_UPI_011" time="0.0">
    <skipped/>
  </testcase> <!-- iCICI_UPI_011 -->
  <testcase classname="com.pinelabs.RnD.AndroidTest.PaymentsUPIValidationsTest" name="iCICI_UPI_012" time="0.0">
    <skipped/>
  </testcase> <!-- iCICI_UPI_012 -->
  <testcase classname="com.pinelabs.RnD.AndroidTest.PaymentsUPIValidationsTest" name="iCICI_UPI_013" time="0.0">
    <skipped/>
  </testcase> <!-- iCICI_UPI_013 -->
  <testcase classname="com.pinelabs.RnD.AndroidTest.PaymentsUPIValidationsTest" name="iCICI_UPI_014" time="0.0">
    <skipped/>
  </testcase> <!-- iCICI_UPI_014 -->
  <testcase classname="com.pinelabs.RnD.AndroidTest.PaymentsUPIValidationsTest" name="iCICI_UPI_015" time="0.0">
    <skipped/>
  </testcase> <!-- iCICI_UPI_015 -->
  <testcase classname="com.pinelabs.RnD.AndroidTest.PaymentsUPIValidationsTest" name="iCICI_UPI_016" time="0.0">
    <skipped/>
  </testcase> <!-- iCICI_UPI_016 -->
  <testcase classname="com.pinelabs.RnD.AndroidTest.PaymentsUPIValidationsTest" name="iCICI_UPI_017" time="0.0">
    <skipped/>
  </testcase> <!-- iCICI_UPI_017 -->
  <testcase classname="com.pinelabs.RnD.AndroidTest.PaymentsUPIValidationsTest" name="iCICI_UPI_019" time="0.001">
    <skipped/>
  </testcase> <!-- iCICI_UPI_019 -->
  <testcase classname="com.pinelabs.RnD.AndroidTest.PaymentsUPIValidationsTest" name="iCICI_UPI_020" time="0.0">
    <skipped/>
  </testcase> <!-- iCICI_UPI_020 -->
  <testcase classname="com.pinelabs.RnD.AndroidTest.PaymentsUPIValidationsTest" name="iCICI_UPI_022" time="0.0">
    <skipped/>
  </testcase> <!-- iCICI_UPI_022 -->
  <testcase classname="com.pinelabs.RnD.AndroidTest.PaymentsUPIValidationsTest" name="iCICI_UPI_023" time="0.0">
    <skipped/>
  </testcase> <!-- iCICI_UPI_023 -->
  <testcase classname="com.pinelabs.RnD.AndroidTest.PaymentsUPIValidationsTest" name="iCICI_UPI_024" time="0.0">
    <skipped/>
  </testcase> <!-- iCICI_UPI_024 -->
  <testcase classname="com.pinelabs.RnD.AndroidTest.PaymentsUPIValidationsTest" name="iCICI_UPI_025" time="0.0">
    <skipped/>
  </testcase> <!-- iCICI_UPI_025 -->
  <testcase classname="com.pinelabs.RnD.AndroidTest.PaymentsUPIValidationsTest" name="iCICI_UPI_026" time="0.001">
    <skipped/>
  </testcase> <!-- iCICI_UPI_026 -->
  <testcase classname="com.pinelabs.RnD.AndroidTest.PaymentsUPIValidationsTest" name="iCICI_UPI_027" time="0.0">
    <skipped/>
  </testcase> <!-- iCICI_UPI_027 -->
  <testcase classname="com.pinelabs.RnD.AndroidTest.PaymentsUPIValidationsTest" name="iCICI_UPI_028" time="0.0">
    <skipped/>
  </testcase> <!-- iCICI_UPI_028 -->
  <testcase classname="com.pinelabs.RnD.AndroidTest.PaymentsUPIValidationsTest" name="iCICI_UPI_029" time="0.0">
    <skipped/>
  </testcase> <!-- iCICI_UPI_029 -->
  <testcase classname="com.pinelabs.RnD.AndroidTest.PaymentsUPIValidationsTest" name="iCICI_UPI_030" time="0.001">
    <skipped/>
  </testcase> <!-- iCICI_UPI_030 -->
</testsuite> <!-- Surefire test -->
