<!DOCTYPE html PUBLIC "-//W3C//DTD XHTML 1.1//EN" "http://www.w3.org/TR/xhtml11/DTD/xhtml11.dtd">
<html xmlns="http://www.w3.org/1999/xhtml">
<head>
<title>TestNG:  Unit Test</title>
<style type="text/css">
table caption,table.info_table,table.result,table.passed,table.failed {margin-bottom:10px;border:1px solid #000099;border-collapse:collapse;empty-cells:show;}
table.info_table td,table.info_table th,table.result td,table.result th,table.passed td,table.passed th,table.failed td,table.failed th {
border:1px solid #000099;padding:.25em .5em .25em .5em
}
table.result th {vertical-align:bottom}
tr.param th {padding-left:1em;padding-right:1em}
tr.param td {padding-left:.5em;padding-right:2em}
td.numi,th.numi,td.numi_attn {
text-align:right
}
tr.total td {font-weight:bold}
table caption {
text-align:center;font-weight:bold;
}
table.passed tr.stripe td,table tr.passedodd td {background-color: #00AA00;}
table.passed td,table tr.passedeven td {background-color: #33FF33;}
table.passed tr.stripe td,table tr.skippedodd td {background-color: #cccccc;}
table.passed td,table tr.skippedodd td {background-color: #dddddd;}
table.failed tr.stripe td,table tr.failedodd td,table.result td.numi_attn {background-color: #FF3333;}
table.failed td,table tr.failedeven td,table.result tr.stripe td.numi_attn {background-color: #DD0000;}
tr.stripe td,tr.stripe th {background-color: #E6EBF9;}
p.totop {font-size:85%;text-align:center;border-bottom:2px black solid}
div.shootout {padding:2em;border:3px #4854A8 solid}
</style>
</head>
<body>
<table cellspacing="0" cellpadding="0" class="result">
<tr><th>Test</th><th class="numi">Methods<br/>Passed</th><th class="numi">Scenarios<br/>Passed</th><th class="numi"># skipped</th><th class="numi"># failed</th><th class="numi">Total<br/>Time</th><th class="numi">Included<br/>Groups</th><th class="numi">Excluded<br/>Groups</th></tr>
<tr><td style="text-align:left;padding-right:2em">Surefire test</td><td class="numi">1</td><td class="numi">1</td><td class="numi_attn">29</td><td class="numi_attn">4</td><td class="numi">150.6 seconds</td><td class="numi"></td><td class="numi"></td></tr>
</table>
<table cellspacing="0" cellpadding="0" class="passed" id="summary">
<tr><th>Class</th><th>Method</th><th># of<br/>Scenarios</th><th>Start</th><th>Time<br/>(ms)</th></tr>
<tr><th colspan="4">Surefire test &#8212; failed (configuration methods)</th></tr>
<tr class="failedodd"><td rowspan="4">com.pinelabs.RnD.WebUITest.GoogleDemoTest</td><td><a href="#m1"><b>generate</b>  </a></td><td class="numi">1</td><td>1648749046462</td><td class="numi">0</td></tr><tr class="failedodd"><td><a href="#m2"><b>generate</b>  </a></td><td class="numi">1</td><td>1648749046462</td><td class="numi">0</td></tr><tr class="failedodd"><td><a href="#m3"><b>generate</b>  </a></td><td class="numi">1</td><td>1648749046462</td><td class="numi">0</td></tr><tr class="failedodd"><td><a href="#m4"><b>generate</b>  </a></td><td class="numi">1</td><td>1648749046462</td><td class="numi">0</td></tr>
<tr class="failedeven"><td rowspan="1">com.pinelabs.RnD.AndroidTest.IrisAppTest</td><td><a href="#m5"><b>initiation</b>  </a></td><td class="numi">1</td><td>1648749058656</td><td class="numi">0</td></tr>
<tr class="failedodd"><td rowspan="1">com.pinelabs.RnD.AndroidTest.PaymentsUPIValidationsTest</td><td><a href="#m6"><b>getInstances</b>  </a></td><td class="numi">1</td><td>1648749089025</td><td class="numi">0</td></tr>
<tr><th colspan="4">Surefire test &#8212; failed</th></tr>
<tr class="failedodd"><td rowspan="4">com.pinelabs.RnD.WebUITest.GoogleDemoTest</td><td><a href="#m7"><b>launchGoogle</b>  ("This test is to Launch google.com")</a></td><td class="numi">1</td><td>1648748939292</td><td class="numi">27964</td></tr><tr class="failedodd"><td><a href="#m8"><b>launchpcui</b>  ("abc")</a></td><td class="numi">1</td><td>1648748969592</td><td class="numi">61763</td></tr><tr class="failedodd"><td><a href="#m9"><b>searchGoogle</b>  ("This test is to Searching for stephan Hawkins")</a></td><td class="numi">1</td><td>1648749031650</td><td class="numi">14811</td></tr><tr class="failedodd"><td><a href="#m10"><b>m2</b>  </a></td><td class="numi">1</td><td>1648749031649</td><td class="numi">0</td></tr>
<tr><th colspan="4">Surefire test &#8212; skipped</th></tr>
<tr class="skippedodd"><td rowspan="3">com.pinelabs.RnD.AndroidTest.IrisAppTest</td><td><a href="#m11"><b>validateTextBoxes</b>  </a></td><td class="numi">1</td><td>1648749089020</td><td class="numi">0</td></tr><tr class="skippedodd"><td><a href="#m12"><b>getMasterData</b>  </a></td><td class="numi">1</td><td>1648749089021</td><td class="numi">1</td></tr><tr class="skippedodd"><td><a href="#m13"><b>validateRadioButtons</b>  </a></td><td class="numi">1</td><td>1648749089021</td><td class="numi">0</td></tr>
<tr class="skippedeven"><td rowspan="26">com.pinelabs.RnD.AndroidTest.PaymentsUPIValidationsTest</td><td><a href="#m14"><b>iCICI_UPI_001</b>  ("Validate the E2E UPI transaction through Payments App")</a></td><td class="numi">1</td><td>1648749089088</td><td class="numi">0</td></tr><tr class="skippedeven"><td><a href="#m15"><b>iCICI_UPI_002</b>  ("Verify the ICICI UPI "Charge" Transaction.")</a></td><td class="numi">1</td><td>1648749089089</td><td class="numi">0</td></tr><tr class="skippedeven"><td><a href="#m16"><b>iCICI_UPI_003</b>  ("Verify the ICICI UPI "GetStatus- Last" Transaction.")</a></td><td class="numi">1</td><td>1648749089089</td><td class="numi">0</td></tr><tr class="skippedeven"><td><a href="#m17"><b>iCICI_UPI_004</b>  ("Verify the ICICI UPI "GetStatus- Any" Transaction.")</a></td><td class="numi">1</td><td>1648749089090</td><td class="numi">0</td></tr><tr class="skippedeven"><td><a href="#m18"><b>iCICI_UPI_005</b>  ("Verify the ICICI_UPI "GetStatus" Transaction with incorrect Batch ID.")</a></td><td class="numi">1</td><td>1648749089090</td><td class="numi">0</td></tr><tr class="skippedeven"><td><a href="#m19"><b>iCICI_UPI_005a</b>  ("Verify the ICICI_UPI "GetStatus" Transaction with incorrect ROC ID.")</a></td><td class="numi">1</td><td>1648749089090</td><td class="numi">1</td></tr><tr class="skippedeven"><td><a href="#m20"><b>iCICI_UPI_005b</b>  ("Verify the ICICI_UPI "GetStatus" Transaction with incorrect Batch ID and ROC ID.")</a></td><td class="numi">1</td><td>1648749089091</td><td class="numi">0</td></tr><tr class="skippedeven"><td><a href="#m21"><b>iCICI_UPI_010</b>  ("Perform ICICI UPI Transactions (4-Sale, 1-Void and 1-Reversal) and try to do batch settlement.")</a></td><td class="numi">1</td><td>1648749089091</td><td class="numi">0</td></tr><tr class="skippedeven"><td><a href="#m22"><b>iCICI_UPI_011</b>  ("Generate "Reprint-Last" transaction chargeslip after successful ICICI_UPI transaction.")</a></td><td class="numi">1</td><td>1648749089092</td><td class="numi">0</td></tr><tr class="skippedeven"><td><a href="#m23"><b>iCICI_UPI_012</b>  ("Generate "Reprint - Any" transaction chargeslip after successful ICICI_UPI transaction.")</a></td><td class="numi">1</td><td>1648749089092</td><td class="numi">0</td></tr><tr class="skippedeven"><td><a href="#m24"><b>iCICI_UPI_013</b>  ("Perform ICICI UPI Transaction (4-Sale, 1-Void and 1-Reversal) after that try to Generate Reports - Curr. Batch Summary after ")</a></td><td class="numi">1</td><td>1648749089092</td><td class="numi">0</td></tr><tr class="skippedeven"><td><a href="#m25"><b>iCICI_UPI_014</b>  ("Perform ICICI UPI Transaction (4-Sale, 1-Void and 1-Reversal) after that try to Generate  "Reports - Batch Detail Summary"")</a></td><td class="numi">1</td><td>1648749089092</td><td class="numi">0</td></tr><tr class="skippedeven"><td><a href="#m26"><b>iCICI_UPI_015</b>  ("Perform ICICI UPI Transaction (4-Sale, 1-Void and 1-Reversal) After that Settle Batch, then try to Generate Reports - Last Batch Summary ")</a></td><td class="numi">1</td><td>1648749089093</td><td class="numi">0</td></tr><tr class="skippedeven"><td><a href="#m27"><b>iCICI_UPI_016</b>  ("Perform ICICI UPI Sale Transaction with QR code display time out  when successful payment done after time out.")</a></td><td class="numi">1</td><td>1648749089093</td><td class="numi">0</td></tr><tr class="skippedeven"><td><a href="#m28"><b>iCICI_UPI_017</b>  ("Perform ICICI UPI Sale Transaction with QR code display time out when payment not done after time out.")</a></td><td class="numi">1</td><td>1648749089093</td><td class="numi">0</td></tr><tr class="skippedeven"><td><a href="#m29"><b>iCICI_UPI_019</b>  ("Verify the ICICI UPI Sale Transaction when Host is unavailable/Not responding.")</a></td><td class="numi">1</td><td>1648749089093</td><td class="numi">1</td></tr><tr class="skippedeven"><td><a href="#m30"><b>iCICI_UPI_020</b>  ("verify ICICI UPI settlement when only reversal in a batch")</a></td><td class="numi">1</td><td>1648749089094</td><td class="numi">0</td></tr><tr class="skippedeven"><td><a href="#m31"><b>iCICI_UPI_022</b>  ("Verify the ICICI UPI Transaction and call back not received in certian time and auto" Get status" has been called.")</a></td><td class="numi">1</td><td>1648749089094</td><td class="numi">0</td></tr><tr class="skippedeven"><td><a href="#m32"><b>iCICI_UPI_023</b>  ("Verify the ICICI UPI Transaction and Time out occurred and payment done.")</a></td><td class="numi">1</td><td>1648749089094</td><td class="numi">0</td></tr><tr class="skippedeven"><td><a href="#m33"><b>iCICI_UPI_024</b>  ("Verify the ICICI UPI Transaction and Time out occurred and payment not done.")</a></td><td class="numi">1</td><td>1648749089095</td><td class="numi">0</td></tr><tr class="skippedeven"><td><a href="#m34"><b>iCICI_UPI_025</b>  ("Verify the ICICI UPI settlement when only void in a batch.")</a></td><td class="numi">1</td><td>1648749089095</td><td class="numi">0</td></tr><tr class="skippedeven"><td><a href="#m35"><b>iCICI_UPI_026</b>  ("Verify the ICICI UPI settlement when only void Reversal in a batch.")</a></td><td class="numi">1</td><td>1648749089095</td><td class="numi">1</td></tr><tr class="skippedeven"><td><a href="#m36"><b>iCICI_UPI_027</b>  ("Verify the ICICI UPI settlement when ICICI UPI host is not availabale/Not responding")</a></td><td class="numi">1</td><td>1648749089096</td><td class="numi">0</td></tr><tr class="skippedeven"><td><a href="#m37"><b>iCICI_UPI_028</b>  ("Validate the void in UPI transaction for already void ROC ID")</a></td><td class="numi">1</td><td>1648749089096</td><td class="numi">0</td></tr><tr class="skippedeven"><td><a href="#m38"><b>iCICI_UPI_029</b>  ("Validate the reprint receipt of last void UPI transaction  ")</a></td><td class="numi">1</td><td>1648749089096</td><td class="numi">0</td></tr><tr class="skippedeven"><td><a href="#m39"><b>iCICI_UPI_030</b>  ("Validate the reprint receipt of last void UPI transaction  ")</a></td><td class="numi">1</td><td>1648749089096</td><td class="numi">1</td></tr>
<tr><th colspan="4">Surefire test &#8212; passed</th></tr>
<tr class="passedodd"><td rowspan="1">com.pinelabs.RnD.WebUITest.GoogleDemoTest</td><td><a href="#m40"><b>fetchJsonData</b>  ("Checking JSON utility")</a></td><td class="numi">1</td><td>1648748938474</td><td class="numi">16</td></tr>
</table>
<h1>Surefire test</h1>
<h2 id="m1">com.pinelabs.RnD.WebUITest.GoogleDemoTest:generate</h2>
<table cellspacing="0" cellpadding="0" class="result">
<tr class="param"><th>Parameter #1</th></tr>
<tr class="param stripe"><td>[TestResult name=searchGoogle status=FAILURE method=GoogleDemoTest.searchGoogle()[pri:0, instance:com.pinelabs.RnD.WebUITest.GoogleDemoTest@2e1d27ba] output={null}]</td>
</tr>
<tr><td style="padding-left:3em" colspan="1">
<p>chrome not reachable
  (Session info: chrome=99.0.4844.82)
Build info: version: &apos;3.9.1&apos;, revision: &apos;63f7b50&apos;, time: &apos;2018-02-07T22:25:02.294Z&apos;
System info: host: &apos;PINENOIL12364&apos;, ip: &apos;172.17.112.1&apos;, os.name: &apos;Windows 10&apos;, os.arch: &apos;amd64&apos;, os.version: &apos;10.0&apos;, java.version: &apos;17.0.1&apos;
Driver info: org.openqa.selenium.chrome.ChromeDriver
Capabilities {acceptInsecureCerts: false, browserName: chrome, browserVersion: 99.0.4844.82, chrome: {chromedriverVersion: 99.0.4844.51 (d537ec02474b5..., userDataDir: C:\Users\HIMANS~1.SIS\AppDa...}, goog:chromeOptions: {debuggerAddress: localhost:54369}, javascriptEnabled: true, networkConnectionEnabled: false, pageLoadStrategy: normal, platform: WINDOWS, platformName: WINDOWS, proxy: Proxy(), setWindowRect: true, strictFileInteractability: false, timeouts: {implicit: 0, pageLoad: 300000, script: 30000}, unhandledPromptBehavior: dismiss and notify, webauthn:extension:credBlob: true, webauthn:extension:largeBlob: true, webauthn:virtualAuthenticators: true}
Session ID: 708a9b61087e2405d751eb21e09be467</p>
java.base/jdk.internal.reflect.NativeConstructorAccessorImpl.newInstance0(Native Method)
<br/>at java.base/jdk.internal.reflect.NativeConstructorAccessorImpl.newInstance(NativeConstructorAccessorImpl.java:77)
<br/>at java.base/jdk.internal.reflect.DelegatingConstructorAccessorImpl.newInstance(DelegatingConstructorAccessorImpl.java:45)
<br/>at java.base/java.lang.reflect.Constructor.newInstanceWithCaller(Constructor.java:499)
<br/>at java.base/java.lang.reflect.Constructor.newInstance(Constructor.java:480)
<br/>at org.openqa.selenium.remote.http.W3CHttpResponseCodec.createException(W3CHttpResponseCodec.java:187)
<br/>at org.openqa.selenium.remote.http.W3CHttpResponseCodec.decode(W3CHttpResponseCodec.java:122)
<br/>at org.openqa.selenium.remote.http.W3CHttpResponseCodec.decode(W3CHttpResponseCodec.java:49)
<br/>at org.openqa.selenium.remote.HttpCommandExecutor.execute(HttpCommandExecutor.java:160)
<br/>at org.openqa.selenium.remote.service.DriverCommandExecutor.execute(DriverCommandExecutor.java:83)
<br/>at org.openqa.selenium.remote.RemoteWebDriver.execute(RemoteWebDriver.java:601)
<br/>at org.openqa.selenium.remote.RemoteWebDriver.execute(RemoteWebDriver.java:658)
<br/>at org.openqa.selenium.remote.RemoteWebDriver.getScreenshotAs(RemoteWebDriver.java:343)
<br/>at com.pinelabs.RnD.WebUI.Base.SeleniumUtilities.getScreenshot(SeleniumUtilities.java:150)
<br/>at com.pinelabs.RnD.WebUI.CommonUtilsWebUI.ExtentSparkReport.generateReport(ExtentSparkReport.java:69)
<br/>at com.pinelabs.RnD.WebUITest.GoogleDemoTest.generate(GoogleDemoTest.java:77)
<br/>32 lines not shown
</td></tr>
</table>
<p class="totop"><a href="#summary">back to summary</a></p>
<h2 id="m2">com.pinelabs.RnD.AndroidTest.IrisAppTest:initiation</h2>
<div style="padding-left:3em">
<p>Timed out after 30000 ms while waiting to connect. Client view of cluster state is {type=UNKNOWN, servers=[{address=192.168.100.127:27017, type=UNKNOWN, state=CONNECTING, exception={com.mongodb.MongoSocketOpenException: Exception opening socket}, caused by {java.net.SocketTimeoutException: Connect timed out}}]</p>
com.mongodb.internal.connection.BaseCluster.getDescription(BaseCluster.java:182)
<br/>at com.mongodb.internal.connection.SingleServerCluster.getDescription(SingleServerCluster.java:41)
<br/>at com.mongodb.client.internal.MongoClientDelegate.getConnectedClusterDescription(MongoClientDelegate.java:150)
<br/>at com.mongodb.client.internal.MongoClientDelegate.createClientSession(MongoClientDelegate.java:102)
<br/>at com.mongodb.client.internal.MongoClientDelegate$DelegateOperationExecutor.getClientSession(MongoClientDelegate.java:282)
<br/>at com.mongodb.client.internal.MongoClientDelegate$DelegateOperationExecutor.execute(MongoClientDelegate.java:186)
<br/>at com.mongodb.client.internal.MongoIterableImpl.execute(MongoIterableImpl.java:143)
<br/>at com.mongodb.client.internal.MongoIterableImpl.iterator(MongoIterableImpl.java:92)
<br/>at com.mongodb.client.internal.MappingIterable.iterator(MappingIterable.java:39)
<br/>at com.pinelabs.RnD.CommonUtils.CommonUtils.dbValidation(CommonUtils.java:69)
<br/>at com.pinelabs.RnD.CommonUtils.CommonUtils.findCollectionFromDb(CommonUtils.java:79)
<br/>at com.pinelabs.RnD.CommonUtils.CommonUtils.findRowBasedOnColumn(CommonUtils.java:85)
<br/>at com.pinelabs.RnD.AndroidTest.IrisAppTest.initiation(IrisAppTest.java:26)
<br/>30 lines not shown
</div>
<p class="totop"><a href="#summary">back to summary</a></p>
<h2 id="m3">com.pinelabs.RnD.AndroidTest.PaymentsUPIValidationsTest:getInstances</h2>
<div style="padding-left:3em">
<p>org/openqa/selenium/remote/AcceptedW3CCapabilityKeys</p>
io.appium.java_client.remote.NewAppiumSessionPayload.&lt;clinit&gt;(NewAppiumSessionPayload.java:98)
<br/>at io.appium.java_client.remote.AppiumCommandExecutor$1.createSession(AppiumCommandExecutor.java:175)
<br/>at io.appium.java_client.remote.AppiumCommandExecutor.createSession(AppiumCommandExecutor.java:217)
<br/>at io.appium.java_client.remote.AppiumCommandExecutor.execute(AppiumCommandExecutor.java:239)
<br/>at org.openqa.selenium.remote.RemoteWebDriver.execute(RemoteWebDriver.java:601)
<br/>at io.appium.java_client.DefaultGenericMobileDriver.execute(DefaultGenericMobileDriver.java:42)
<br/>at io.appium.java_client.AppiumDriver.execute(AppiumDriver.java:1)
<br/>at io.appium.java_client.android.AndroidDriver.execute(AndroidDriver.java:1)
<br/>at org.openqa.selenium.remote.RemoteWebDriver.startSession(RemoteWebDriver.java:219)
<br/>at org.openqa.selenium.remote.RemoteWebDriver.&lt;init&gt;(RemoteWebDriver.java:142)
<br/>at io.appium.java_client.DefaultGenericMobileDriver.&lt;init&gt;(DefaultGenericMobileDriver.java:38)
<br/>at io.appium.java_client.AppiumDriver.&lt;init&gt;(AppiumDriver.java:84)
<br/>at io.appium.java_client.AppiumDriver.&lt;init&gt;(AppiumDriver.java:94)
<br/>at io.appium.java_client.android.AndroidDriver.&lt;init&gt;(AndroidDriver.java:95)
<br/>at com.pinelabs.RnD.AndroidUI.Base.AppiumUtilities.setUpConnection(AppiumUtilities.java:120)
<br/>at com.pinelabs.RnD.AndroidTest.PaymentsUPIValidationsTest.getInstances(PaymentsUPIValidationsTest.java:31)
<br/>30 lines not shown
<p>Caused by org.openqa.selenium.remote.AcceptedW3CCapabilityKeys</p>
java.base/jdk.internal.loader.BuiltinClassLoader.loadClass(BuiltinClassLoader.java:641)
<br/>at java.base/jdk.internal.loader.ClassLoaders$AppClassLoader.loadClass(ClassLoaders.java:188)
<br/>at java.base/java.lang.ClassLoader.loadClass(ClassLoader.java:520)
<br/>at io.appium.java_client.remote.NewAppiumSessionPayload.&lt;clinit&gt;(NewAppiumSessionPayload.java:98)
<br/>at io.appium.java_client.remote.AppiumCommandExecutor$1.createSession(AppiumCommandExecutor.java:175)
<br/>at io.appium.java_client.remote.AppiumCommandExecutor.createSession(AppiumCommandExecutor.java:217)
<br/>at io.appium.java_client.remote.AppiumCommandExecutor.execute(AppiumCommandExecutor.java:239)
<br/>at org.openqa.selenium.remote.RemoteWebDriver.execute(RemoteWebDriver.java:601)
<br/>at io.appium.java_client.DefaultGenericMobileDriver.execute(DefaultGenericMobileDriver.java:42)
<br/>at io.appium.java_client.AppiumDriver.execute(AppiumDriver.java:1)
<br/>at io.appium.java_client.android.AndroidDriver.execute(AndroidDriver.java:1)
<br/>at org.openqa.selenium.remote.RemoteWebDriver.startSession(RemoteWebDriver.java:219)
<br/>at org.openqa.selenium.remote.RemoteWebDriver.&lt;init&gt;(RemoteWebDriver.java:142)
<br/>at io.appium.java_client.DefaultGenericMobileDriver.&lt;init&gt;(DefaultGenericMobileDriver.java:38)
<br/>at io.appium.java_client.AppiumDriver.&lt;init&gt;(AppiumDriver.java:84)
<br/>at io.appium.java_client.AppiumDriver.&lt;init&gt;(AppiumDriver.java:94)
<br/>at io.appium.java_client.android.AndroidDriver.&lt;init&gt;(AndroidDriver.java:95)
<br/>at com.pinelabs.RnD.AndroidUI.Base.AppiumUtilities.setUpConnection(AppiumUtilities.java:120)
<br/>at com.pinelabs.RnD.AndroidTest.PaymentsUPIValidationsTest.getInstances(PaymentsUPIValidationsTest.java:31)
<br/>30 lines not shown
</div>
<p class="totop"><a href="#summary">back to summary</a></p>
<h2 id="m4">com.pinelabs.RnD.WebUITest.GoogleDemoTest:searchGoogle</h2>
<div style="padding-left:3em">
<p>chrome not reachable
  (Session info: chrome=99.0.4844.82)
Build info: version: &apos;3.9.1&apos;, revision: &apos;63f7b50&apos;, time: &apos;2018-02-07T22:25:02.294Z&apos;
System info: host: &apos;PINENOIL12364&apos;, ip: &apos;172.17.112.1&apos;, os.name: &apos;Windows 10&apos;, os.arch: &apos;amd64&apos;, os.version: &apos;10.0&apos;, java.version: &apos;17.0.1&apos;
Driver info: org.openqa.selenium.chrome.ChromeDriver
Capabilities {acceptInsecureCerts: false, browserName: chrome, browserVersion: 99.0.4844.82, chrome: {chromedriverVersion: 99.0.4844.51 (d537ec02474b5..., userDataDir: C:\Users\HIMANS~1.SIS\AppDa...}, goog:chromeOptions: {debuggerAddress: localhost:54369}, javascriptEnabled: true, networkConnectionEnabled: false, pageLoadStrategy: normal, platform: WINDOWS, platformName: WINDOWS, proxy: Proxy(), setWindowRect: true, strictFileInteractability: false, timeouts: {implicit: 0, pageLoad: 300000, script: 30000}, unhandledPromptBehavior: dismiss and notify, webauthn:extension:credBlob: true, webauthn:extension:largeBlob: true, webauthn:virtualAuthenticators: true}
Session ID: 708a9b61087e2405d751eb21e09be467
*** Element info: {Using=xpath, value=//input[@title=&apos;Search&apos;]}</p>
java.base/jdk.internal.reflect.NativeConstructorAccessorImpl.newInstance0(Native Method)
<br/>at java.base/jdk.internal.reflect.NativeConstructorAccessorImpl.newInstance(NativeConstructorAccessorImpl.java:77)
<br/>at java.base/jdk.internal.reflect.DelegatingConstructorAccessorImpl.newInstance(DelegatingConstructorAccessorImpl.java:45)
<br/>at java.base/java.lang.reflect.Constructor.newInstanceWithCaller(Constructor.java:499)
<br/>at java.base/java.lang.reflect.Constructor.newInstance(Constructor.java:480)
<br/>at org.openqa.selenium.remote.http.W3CHttpResponseCodec.createException(W3CHttpResponseCodec.java:187)
<br/>at org.openqa.selenium.remote.http.W3CHttpResponseCodec.decode(W3CHttpResponseCodec.java:122)
<br/>at org.openqa.selenium.remote.http.W3CHttpResponseCodec.decode(W3CHttpResponseCodec.java:49)
<br/>at org.openqa.selenium.remote.HttpCommandExecutor.execute(HttpCommandExecutor.java:160)
<br/>at org.openqa.selenium.remote.service.DriverCommandExecutor.execute(DriverCommandExecutor.java:83)
<br/>at org.openqa.selenium.remote.RemoteWebDriver.execute(RemoteWebDriver.java:601)
<br/>at org.openqa.selenium.remote.RemoteWebDriver.findElements(RemoteWebDriver.java:398)
<br/>at org.openqa.selenium.remote.RemoteWebDriver.findElementsByXPath(RemoteWebDriver.java:477)
<br/>at org.openqa.selenium.By$ByXPath.findElements(By.java:356)
<br/>at org.openqa.selenium.remote.RemoteWebDriver.findElements(RemoteWebDriver.java:359)
<br/>at org.openqa.selenium.support.ui.ExpectedConditions.findElement(ExpectedConditions.java:895)
<br/>at org.openqa.selenium.support.ui.ExpectedConditions.access$000(ExpectedConditions.java:44)
<br/>at org.openqa.selenium.support.ui.ExpectedConditions$7.apply(ExpectedConditions.java:206)
<br/>at org.openqa.selenium.support.ui.ExpectedConditions$7.apply(ExpectedConditions.java:202)
<br/>at org.openqa.selenium.support.ui.FluentWait.until(FluentWait.java:208)
<br/>at com.pinelabs.RnD.WebUI.Base.SeleniumUtilities.getElement(SeleniumUtilities.java:505)
<br/>at com.pinelabs.RnD.WebUI.Base.SeleniumUtilities.clickOnElement(SeleniumUtilities.java:232)
<br/>at com.pinelabs.RnD.WebUI.POM.GoogleDemoPage.searchText(GoogleDemoPage.java:25)
<br/>at com.pinelabs.RnD.WebUITest.GoogleDemoTest.searchGoogle(GoogleDemoTest.java:65)
<br/>30 lines not shown
</div>
<p class="totop"><a href="#summary">back to summary</a></p>
<h2 id="m5">com.pinelabs.RnD.WebUITest.GoogleDemoTest:m2</h2>
<div style="padding-left:3em">
<p>java.lang.NoClassDefFoundError: org/apache/commons/io/output/UnsynchronizedByteArrayOutputStream</p>
org.testng.internal.MethodInvocationHelper.invokeDataProvider(MethodInvocationHelper.java:143)
<br/>at org.testng.internal.Parameters.handleParameters(Parameters.java:426)
<br/>at org.testng.internal.Invoker.handleParameters(Invoker.java:1383)
<br/>at org.testng.internal.Invoker.createParameters(Invoker.java:1075)
<br/>at org.testng.internal.Invoker.invokeTestMethods(Invoker.java:1180)
<br/>at org.testng.internal.TestMethodWorker.invokeTestMethods(TestMethodWorker.java:127)
<br/>at org.testng.internal.TestMethodWorker.run(TestMethodWorker.java:111)
<br/>at org.testng.TestRunner.privateRun(TestRunner.java:767)
<br/>at org.testng.TestRunner.run(TestRunner.java:617)
<br/>at org.testng.SuiteRunner.runTest(SuiteRunner.java:334)
<br/>at org.testng.SuiteRunner.runSequentially(SuiteRunner.java:329)
<br/>at org.testng.SuiteRunner.privateRun(SuiteRunner.java:291)
<br/>at org.testng.SuiteRunner.run(SuiteRunner.java:240)
<br/>at org.testng.SuiteRunnerWorker.runSuite(SuiteRunnerWorker.java:52)
<br/>at org.testng.SuiteRunnerWorker.run(SuiteRunnerWorker.java:86)
<br/>at org.testng.TestNG.runSuitesSequentially(TestNG.java:1198)
<br/>at org.testng.TestNG.runSuitesLocally(TestNG.java:1123)
<br/>at org.testng.TestNG.run(TestNG.java:1031)
<br/>at org.apache.maven.surefire.testng.TestNGExecutor.run(TestNGExecutor.java:135)
<br/>at org.apache.maven.surefire.testng.TestNGDirectoryTestSuite.executeMulti(TestNGDirectoryTestSuite.java:193)
<br/>at org.apache.maven.surefire.testng.TestNGDirectoryTestSuite.execute(TestNGDirectoryTestSuite.java:94)
<br/>at org.apache.maven.surefire.testng.TestNGProvider.invoke(TestNGProvider.java:146)
<br/>at org.apache.maven.surefire.booter.ForkedBooter.invokeProviderInSameClassLoader(ForkedBooter.java:384)
<br/>at org.apache.maven.surefire.booter.ForkedBooter.runSuitesInProcess(ForkedBooter.java:345)
<br/>at org.apache.maven.surefire.booter.ForkedBooter.execute(ForkedBooter.java:126)
<br/>at org.apache.maven.surefire.booter.ForkedBooter.main(ForkedBooter.java:418)
<br/>1 lines not shown
<p>Caused by org/apache/commons/io/output/UnsynchronizedByteArrayOutputStream</p>
com.pinelabs.RnD.WebUI.CommonUtilsWebUI.ExcelUtility.launchWorkbook(ExcelUtility.java:147)
<br/>at com.pinelabs.RnD.WebUI.CommonUtilsWebUI.ExcelUtility.excelFileReading(ExcelUtility.java:202)
<br/>at com.pinelabs.RnD.WebUITest.GoogleDemoTest.checkExcelUtil(GoogleDemoTest.java:35)
<br/>at java.base/jdk.internal.reflect.NativeMethodAccessorImpl.invoke0(Native Method)
<br/>at java.base/jdk.internal.reflect.NativeMethodAccessorImpl.invoke(NativeMethodAccessorImpl.java:77)
<br/>at java.base/jdk.internal.reflect.DelegatingMethodAccessorImpl.invoke(DelegatingMethodAccessorImpl.java:43)
<br/>at java.base/java.lang.reflect.Method.invoke(Method.java:568)
<br/>at org.testng.internal.MethodInvocationHelper.invokeMethod(MethodInvocationHelper.java:80)
<br/>at org.testng.internal.MethodInvocationHelper.invokeDataProvider(MethodInvocationHelper.java:117)
<br/>at org.testng.internal.Parameters.handleParameters(Parameters.java:426)
<br/>at org.testng.internal.Invoker.handleParameters(Invoker.java:1383)
<br/>at org.testng.internal.Invoker.createParameters(Invoker.java:1075)
<br/>at org.testng.internal.Invoker.invokeTestMethods(Invoker.java:1180)
<br/>at org.testng.internal.TestMethodWorker.invokeTestMethods(TestMethodWorker.java:127)
<br/>at org.testng.internal.TestMethodWorker.run(TestMethodWorker.java:111)
<br/>at org.testng.TestRunner.privateRun(TestRunner.java:767)
<br/>at org.testng.TestRunner.run(TestRunner.java:617)
<br/>at org.testng.SuiteRunner.runTest(SuiteRunner.java:334)
<br/>at org.testng.SuiteRunner.runSequentially(SuiteRunner.java:329)
<br/>at org.testng.SuiteRunner.privateRun(SuiteRunner.java:291)
<br/>at org.testng.SuiteRunner.run(SuiteRunner.java:240)
<br/>at org.testng.SuiteRunnerWorker.runSuite(SuiteRunnerWorker.java:52)
<br/>at org.testng.SuiteRunnerWorker.run(SuiteRunnerWorker.java:86)
<br/>at org.testng.TestNG.runSuitesSequentially(TestNG.java:1198)
<br/>at org.testng.TestNG.runSuitesLocally(TestNG.java:1123)
<br/>at org.testng.TestNG.run(TestNG.java:1031)
<br/>at org.apache.maven.surefire.testng.TestNGExecutor.run(TestNGExecutor.java:135)
<br/>at org.apache.maven.surefire.testng.TestNGDirectoryTestSuite.executeMulti(TestNGDirectoryTestSuite.java:193)
<br/>at org.apache.maven.surefire.testng.TestNGDirectoryTestSuite.execute(TestNGDirectoryTestSuite.java:94)
<br/>at org.apache.maven.surefire.testng.TestNGProvider.invoke(TestNGProvider.java:146)
<br/>at org.apache.maven.surefire.booter.ForkedBooter.invokeProviderInSameClassLoader(ForkedBooter.java:384)
<br/>at org.apache.maven.surefire.booter.ForkedBooter.runSuitesInProcess(ForkedBooter.java:345)
<br/>at org.apache.maven.surefire.booter.ForkedBooter.execute(ForkedBooter.java:126)
<br/>at org.apache.maven.surefire.booter.ForkedBooter.main(ForkedBooter.java:418)
<br/>1 lines not shown
<p>Caused by org.apache.commons.io.output.UnsynchronizedByteArrayOutputStream</p>
java.base/jdk.internal.loader.BuiltinClassLoader.loadClass(BuiltinClassLoader.java:641)
<br/>at java.base/jdk.internal.loader.ClassLoaders$AppClassLoader.loadClass(ClassLoaders.java:188)
<br/>at java.base/java.lang.ClassLoader.loadClass(ClassLoader.java:520)
<br/>at com.pinelabs.RnD.WebUI.CommonUtilsWebUI.ExcelUtility.launchWorkbook(ExcelUtility.java:147)
<br/>at com.pinelabs.RnD.WebUI.CommonUtilsWebUI.ExcelUtility.excelFileReading(ExcelUtility.java:202)
<br/>at com.pinelabs.RnD.WebUITest.GoogleDemoTest.checkExcelUtil(GoogleDemoTest.java:35)
<br/>at java.base/jdk.internal.reflect.NativeMethodAccessorImpl.invoke0(Native Method)
<br/>at java.base/jdk.internal.reflect.NativeMethodAccessorImpl.invoke(NativeMethodAccessorImpl.java:77)
<br/>at java.base/jdk.internal.reflect.DelegatingMethodAccessorImpl.invoke(DelegatingMethodAccessorImpl.java:43)
<br/>at java.base/java.lang.reflect.Method.invoke(Method.java:568)
<br/>at org.testng.internal.MethodInvocationHelper.invokeMethod(MethodInvocationHelper.java:80)
<br/>at org.testng.internal.MethodInvocationHelper.invokeDataProvider(MethodInvocationHelper.java:117)
<br/>at org.testng.internal.Parameters.handleParameters(Parameters.java:426)
<br/>at org.testng.internal.Invoker.handleParameters(Invoker.java:1383)
<br/>at org.testng.internal.Invoker.createParameters(Invoker.java:1075)
<br/>at org.testng.internal.Invoker.invokeTestMethods(Invoker.java:1180)
<br/>at org.testng.internal.TestMethodWorker.invokeTestMethods(TestMethodWorker.java:127)
<br/>at org.testng.internal.TestMethodWorker.run(TestMethodWorker.java:111)
<br/>at org.testng.TestRunner.privateRun(TestRunner.java:767)
<br/>at org.testng.TestRunner.run(TestRunner.java:617)
<br/>at org.testng.SuiteRunner.runTest(SuiteRunner.java:334)
<br/>at org.testng.SuiteRunner.runSequentially(SuiteRunner.java:329)
<br/>at org.testng.SuiteRunner.privateRun(SuiteRunner.java:291)
<br/>at org.testng.SuiteRunner.run(SuiteRunner.java:240)
<br/>at org.testng.SuiteRunnerWorker.runSuite(SuiteRunnerWorker.java:52)
<br/>at org.testng.SuiteRunnerWorker.run(SuiteRunnerWorker.java:86)
<br/>at org.testng.TestNG.runSuitesSequentially(TestNG.java:1198)
<br/>at org.testng.TestNG.runSuitesLocally(TestNG.java:1123)
<br/>at org.testng.TestNG.run(TestNG.java:1031)
<br/>at org.apache.maven.surefire.testng.TestNGExecutor.run(TestNGExecutor.java:135)
<br/>at org.apache.maven.surefire.testng.TestNGDirectoryTestSuite.executeMulti(TestNGDirectoryTestSuite.java:193)
<br/>at org.apache.maven.surefire.testng.TestNGDirectoryTestSuite.execute(TestNGDirectoryTestSuite.java:94)
<br/>at org.apache.maven.surefire.testng.TestNGProvider.invoke(TestNGProvider.java:146)
<br/>at org.apache.maven.surefire.booter.ForkedBooter.invokeProviderInSameClassLoader(ForkedBooter.java:384)
<br/>at org.apache.maven.surefire.booter.ForkedBooter.runSuitesInProcess(ForkedBooter.java:345)
<br/>at org.apache.maven.surefire.booter.ForkedBooter.execute(ForkedBooter.java:126)
<br/>at org.apache.maven.surefire.booter.ForkedBooter.main(ForkedBooter.java:418)
<br/>1 lines not shown
</div>
<p class="totop"><a href="#summary">back to summary</a></p>
<h2 id="m6">com.pinelabs.RnD.WebUITest.GoogleDemoTest:launchGoogle</h2>
<div style="padding-left:3em">
<p>Cannot invoke &quot;java.sql.Connection.createStatement()&quot; because &quot;com.pinelabs.RnD.WebUI.CommonUtilsWebUI.SQLDatabaseUtility.con&quot; is null</p>
com.pinelabs.RnD.WebUI.CommonUtilsWebUI.SQLDatabaseUtility.executeSelectquery(SQLDatabaseUtility.java:46)
<br/>at com.pinelabs.RnD.WebUITest.GoogleDemoTest.launchGoogle(GoogleDemoTest.java:59)
<br/>30 lines not shown
</div>
<p class="totop"><a href="#summary">back to summary</a></p>
<h2 id="m7">com.pinelabs.RnD.WebUITest.GoogleDemoTest:launchpcui</h2>
<div style="padding-left:3em">
<p>Expected condition failed: waiting for visibility of element located by By.xpath: //img[@src=&apos;Captcha.aspx&apos;] (tried for 10 second(s) with 500 MILLISECONDS interval)</p>
org.openqa.selenium.support.ui.WebDriverWait.timeoutException(WebDriverWait.java:82)
<br/>at org.openqa.selenium.support.ui.FluentWait.until(FluentWait.java:231)
<br/>at com.pinelabs.RnD.WebUI.Base.SeleniumUtilities.getElement(SeleniumUtilities.java:505)
<br/>at com.pinelabs.RnD.WebUI.POM.GoogleDemoPage.captchatxt(GoogleDemoPage.java:30)
<br/>at com.pinelabs.RnD.WebUITest.GoogleDemoTest.launchpcui(GoogleDemoTest.java:72)
<br/>30 lines not shown
<p>Caused by Cannot locate an element using By.xpath: //img[@src=&apos;Captcha.aspx&apos;]
For documentation on this error, please visit: http://seleniumhq.org/exceptions/no_such_element.html
Build info: version: &apos;3.9.1&apos;, revision: &apos;63f7b50&apos;, time: &apos;2018-02-07T22:25:02.294Z&apos;
System info: host: &apos;PINENOIL12364&apos;, ip: &apos;172.17.112.1&apos;, os.name: &apos;Windows 10&apos;, os.arch: &apos;amd64&apos;, os.version: &apos;10.0&apos;, java.version: &apos;17.0.1&apos;
Driver info: driver.version: unknown</p>
org.openqa.selenium.support.ui.ExpectedConditions.lambda$findElement$0(ExpectedConditions.java:896)
<br/>at java.base/java.util.Optional.orElseThrow(Optional.java:403)
<br/>at org.openqa.selenium.support.ui.ExpectedConditions.findElement(ExpectedConditions.java:895)
<br/>at org.openqa.selenium.support.ui.ExpectedConditions.access$000(ExpectedConditions.java:44)
<br/>at org.openqa.selenium.support.ui.ExpectedConditions$7.apply(ExpectedConditions.java:206)
<br/>at org.openqa.selenium.support.ui.ExpectedConditions$7.apply(ExpectedConditions.java:202)
<br/>at org.openqa.selenium.support.ui.FluentWait.until(FluentWait.java:208)
<br/>at com.pinelabs.RnD.WebUI.Base.SeleniumUtilities.getElement(SeleniumUtilities.java:505)
<br/>at com.pinelabs.RnD.WebUI.POM.GoogleDemoPage.captchatxt(GoogleDemoPage.java:30)
<br/>at com.pinelabs.RnD.WebUITest.GoogleDemoTest.launchpcui(GoogleDemoTest.java:72)
<br/>30 lines not shown
</div>
<p class="totop"><a href="#summary">back to summary</a></p>
<h2 id="m8">com.pinelabs.RnD.AndroidTest.PaymentsUPIValidationsTest:iCICI_UPI_023</h2>
<p class="totop"><a href="#summary">back to summary</a></p>
<h2 id="m9">com.pinelabs.RnD.AndroidTest.IrisAppTest:validateRadioButtons</h2>
<p class="totop"><a href="#summary">back to summary</a></p>
<h2 id="m10">com.pinelabs.RnD.AndroidTest.PaymentsUPIValidationsTest:iCICI_UPI_003</h2>
<p class="totop"><a href="#summary">back to summary</a></p>
<h2 id="m11">com.pinelabs.RnD.AndroidTest.PaymentsUPIValidationsTest:iCICI_UPI_013</h2>
<p class="totop"><a href="#summary">back to summary</a></p>
<h2 id="m12">com.pinelabs.RnD.AndroidTest.PaymentsUPIValidationsTest:iCICI_UPI_025</h2>
<p class="totop"><a href="#summary">back to summary</a></p>
<h2 id="m13">com.pinelabs.RnD.AndroidTest.PaymentsUPIValidationsTest:iCICI_UPI_028</h2>
<p class="totop"><a href="#summary">back to summary</a></p>
<h2 id="m14">com.pinelabs.RnD.AndroidTest.IrisAppTest:validateTextBoxes</h2>
<p class="totop"><a href="#summary">back to summary</a></p>
<h2 id="m15">com.pinelabs.RnD.AndroidTest.PaymentsUPIValidationsTest:iCICI_UPI_029</h2>
<p class="totop"><a href="#summary">back to summary</a></p>
<h2 id="m16">com.pinelabs.RnD.AndroidTest.PaymentsUPIValidationsTest:iCICI_UPI_026</h2>
<p class="totop"><a href="#summary">back to summary</a></p>
<h2 id="m17">com.pinelabs.RnD.AndroidTest.PaymentsUPIValidationsTest:iCICI_UPI_012</h2>
<p class="totop"><a href="#summary">back to summary</a></p>
<h2 id="m18">com.pinelabs.RnD.AndroidTest.PaymentsUPIValidationsTest:iCICI_UPI_027</h2>
<p class="totop"><a href="#summary">back to summary</a></p>
<h2 id="m19">com.pinelabs.RnD.AndroidTest.PaymentsUPIValidationsTest:iCICI_UPI_030</h2>
<p class="totop"><a href="#summary">back to summary</a></p>
<h2 id="m20">com.pinelabs.RnD.AndroidTest.PaymentsUPIValidationsTest:iCICI_UPI_024</h2>
<p class="totop"><a href="#summary">back to summary</a></p>
<h2 id="m21">com.pinelabs.RnD.AndroidTest.PaymentsUPIValidationsTest:iCICI_UPI_004</h2>
<p class="totop"><a href="#summary">back to summary</a></p>
<h2 id="m22">com.pinelabs.RnD.AndroidTest.IrisAppTest:getMasterData</h2>
<p class="totop"><a href="#summary">back to summary</a></p>
<h2 id="m23">com.pinelabs.RnD.AndroidTest.PaymentsUPIValidationsTest:iCICI_UPI_011</h2>
<p class="totop"><a href="#summary">back to summary</a></p>
<h2 id="m24">com.pinelabs.RnD.AndroidTest.PaymentsUPIValidationsTest:iCICI_UPI_014</h2>
<p class="totop"><a href="#summary">back to summary</a></p>
<h2 id="m25">com.pinelabs.RnD.AndroidTest.PaymentsUPIValidationsTest:iCICI_UPI_020</h2>
<p class="totop"><a href="#summary">back to summary</a></p>
<h2 id="m26">com.pinelabs.RnD.AndroidTest.PaymentsUPIValidationsTest:iCICI_UPI_010</h2>
<p class="totop"><a href="#summary">back to summary</a></p>
<h2 id="m27">com.pinelabs.RnD.AndroidTest.PaymentsUPIValidationsTest:iCICI_UPI_001</h2>
<p class="totop"><a href="#summary">back to summary</a></p>
<h2 id="m28">com.pinelabs.RnD.AndroidTest.PaymentsUPIValidationsTest:iCICI_UPI_002</h2>
<p class="totop"><a href="#summary">back to summary</a></p>
<h2 id="m29">com.pinelabs.RnD.AndroidTest.PaymentsUPIValidationsTest:iCICI_UPI_015</h2>
<p class="totop"><a href="#summary">back to summary</a></p>
<h2 id="m30">com.pinelabs.RnD.AndroidTest.PaymentsUPIValidationsTest:iCICI_UPI_005</h2>
<p class="totop"><a href="#summary">back to summary</a></p>
<h2 id="m31">com.pinelabs.RnD.AndroidTest.PaymentsUPIValidationsTest:iCICI_UPI_019</h2>
<p class="totop"><a href="#summary">back to summary</a></p>
<h2 id="m32">com.pinelabs.RnD.AndroidTest.PaymentsUPIValidationsTest:iCICI_UPI_016</h2>
<p class="totop"><a href="#summary">back to summary</a></p>
<h2 id="m33">com.pinelabs.RnD.AndroidTest.PaymentsUPIValidationsTest:iCICI_UPI_017</h2>
<p class="totop"><a href="#summary">back to summary</a></p>
<h2 id="m34">com.pinelabs.RnD.AndroidTest.PaymentsUPIValidationsTest:iCICI_UPI_022</h2>
<p class="totop"><a href="#summary">back to summary</a></p>
<h2 id="m35">com.pinelabs.RnD.AndroidTest.PaymentsUPIValidationsTest:iCICI_UPI_005a</h2>
<p class="totop"><a href="#summary">back to summary</a></p>
<h2 id="m36">com.pinelabs.RnD.AndroidTest.PaymentsUPIValidationsTest:iCICI_UPI_005b</h2>
<p class="totop"><a href="#summary">back to summary</a></p>
<h2 id="m37">com.pinelabs.RnD.WebUITest.GoogleDemoTest:fetchJsonData</h2>
<p class="totop"><a href="#summary">back to summary</a></p>
</body></html>
