<!DOCTYPE html>

<html>
  <head>
  <title>TestNG reports</title>

    <link type="text/css" href="testng-reports.css" rel="stylesheet" />  
    <script type="text/javascript" src="jquery-1.7.1.min.js"></script>
    <script type="text/javascript" src="testng-reports.js"></script>
    <script type="text/javascript" src="https://www.google.com/jsapi"></script>
    <script type='text/javascript'>
      google.load('visualization', '1', {packages:['table']});
      google.setOnLoadCallback(drawTable);
      var suiteTableInitFunctions = new Array();
      var suiteTableData = new Array();
    </script>
    <!--
      <script type="text/javascript" src="jquery-ui/js/jquery-ui-1.8.16.custom.min.js"></script>
     -->
  </head>

  <body>
    <div class="top-banner-root">
      <span class="top-banner-title-font">Test results</span>
      <br/>
      <span class="top-banner-font-1">1 suite, 4 failed tests</span>
    </div> <!-- top-banner-root -->
    <div class="navigator-root">
      <div class="navigator-suite-header">
        <span>All suites</span>
        <a href="#" title="Collapse/expand all the suites" class="collapse-all-link">
          <img src="collapseall.gif" class="collapse-all-icon">
          </img> <!-- collapse-all-icon -->
        </a> <!-- collapse-all-link -->
      </div> <!-- navigator-suite-header -->
      <div class="suite">
        <div class="rounded-window">
          <div class="suite-header light-rounded-window-top">
            <a href="#" panel-name="suite-Surefire_suite" class="navigator-link">
              <span class="suite-name border-failed">Surefire suite</span>
            </a> <!-- navigator-link -->
          </div> <!-- suite-header light-rounded-window-top -->
          <div class="navigator-suite-content">
            <div class="suite-section-title">
              <span>Info</span>
            </div> <!-- suite-section-title -->
            <div class="suite-section-content">
              <ul>
                <li>
                  <a href="#" panel-name="test-xml-Surefire_suite" class="navigator-link ">
                    <span>[unset file name]</span>
                  </a> <!-- navigator-link  -->
                </li>
                <li>
                  <a href="#" panel-name="testlist-Surefire_suite" class="navigator-link ">
                    <span class="test-stats">1 test</span>
                  </a> <!-- navigator-link  -->
                </li>
                <li>
                  <a href="#" panel-name="group-Surefire_suite" class="navigator-link ">
                    <span>0 groups</span>
                  </a> <!-- navigator-link  -->
                </li>
                <li>
                  <a href="#" panel-name="times-Surefire_suite" class="navigator-link ">
                    <span>Times</span>
                  </a> <!-- navigator-link  -->
                </li>
                <li>
                  <a href="#" panel-name="reporter-Surefire_suite" class="navigator-link ">
                    <span>Reporter output</span>
                  </a> <!-- navigator-link  -->
                </li>
                <li>
                  <a href="#" panel-name="ignored-methods-Surefire_suite" class="navigator-link ">
                    <span>Ignored methods</span>
                  </a> <!-- navigator-link  -->
                </li>
                <li>
                  <a href="#" panel-name="chronological-Surefire_suite" class="navigator-link ">
                    <span>Chronological view</span>
                  </a> <!-- navigator-link  -->
                </li>
              </ul>
            </div> <!-- suite-section-content -->
            <div class="result-section">
              <div class="suite-section-title">
                <span>Results</span>
              </div> <!-- suite-section-title -->
              <div class="suite-section-content">
                <ul>
                  <li>
                    <span class="method-stats">34 methods, 4 failed,  29 skipped,  1 passed</span>
                  </li>
                  <li>
                    <span class="method-list-title failed">Failed methods</span>
                    <span class="show-or-hide-methods failed">
                      <a href="#" panel-name="suite-Surefire_suite" class="hide-methods failed suite-Surefire_suite"> (hide)</a> <!-- hide-methods failed suite-Surefire_suite -->
                      <a href="#" panel-name="suite-Surefire_suite" class="show-methods failed suite-Surefire_suite"> (show)</a> <!-- show-methods failed suite-Surefire_suite -->
                    </span>
                    <div class="method-list-content failed suite-Surefire_suite">
                      <span>
                        <img src="failed.png" width="3%"/>
                        <a href="#" panel-name="suite-Surefire_suite" title="com.pinelabs.RnD.WebUITest.GoogleDemoTest" class="method navigator-link" hash-for-method="launchGoogle">launchGoogle</a> <!-- method navigator-link -->
                      </span>
                      <br/>
                      <span>
                        <img src="failed.png" width="3%"/>
                        <a href="#" panel-name="suite-Surefire_suite" title="com.pinelabs.RnD.WebUITest.GoogleDemoTest" class="method navigator-link" hash-for-method="launchpcui">launchpcui</a> <!-- method navigator-link -->
                      </span>
                      <br/>
                      <span>
                        <img src="failed.png" width="3%"/>
                        <a href="#" panel-name="suite-Surefire_suite" title="com.pinelabs.RnD.WebUITest.GoogleDemoTest" class="method navigator-link" hash-for-method="m2">m2</a> <!-- method navigator-link -->
                      </span>
                      <br/>
                      <span>
                        <img src="failed.png" width="3%"/>
                        <a href="#" panel-name="suite-Surefire_suite" title="com.pinelabs.RnD.WebUITest.GoogleDemoTest" class="method navigator-link" hash-for-method="searchGoogle">searchGoogle</a> <!-- method navigator-link -->
                      </span>
                      <br/>
                    </div> <!-- method-list-content failed suite-Surefire_suite -->
                  </li>
                  <li>
                    <span class="method-list-title skipped">Skipped methods</span>
                    <span class="show-or-hide-methods skipped">
                      <a href="#" panel-name="suite-Surefire_suite" class="hide-methods skipped suite-Surefire_suite"> (hide)</a> <!-- hide-methods skipped suite-Surefire_suite -->
                      <a href="#" panel-name="suite-Surefire_suite" class="show-methods skipped suite-Surefire_suite"> (show)</a> <!-- show-methods skipped suite-Surefire_suite -->
                    </span>
                    <div class="method-list-content skipped suite-Surefire_suite">
                      <span>
                        <img src="skipped.png" width="3%"/>
                        <a href="#" panel-name="suite-Surefire_suite" title="com.pinelabs.RnD.AndroidTest.IrisAppTest" class="method navigator-link" hash-for-method="getMasterData">getMasterData</a> <!-- method navigator-link -->
                      </span>
                      <br/>
                      <span>
                        <img src="skipped.png" width="3%"/>
                        <a href="#" panel-name="suite-Surefire_suite" title="com.pinelabs.RnD.AndroidTest.PaymentsUPIValidationsTest" class="method navigator-link" hash-for-method="iCICI_UPI_001">iCICI_UPI_001</a> <!-- method navigator-link -->
                      </span>
                      <br/>
                      <span>
                        <img src="skipped.png" width="3%"/>
                        <a href="#" panel-name="suite-Surefire_suite" title="com.pinelabs.RnD.AndroidTest.PaymentsUPIValidationsTest" class="method navigator-link" hash-for-method="iCICI_UPI_002">iCICI_UPI_002</a> <!-- method navigator-link -->
                      </span>
                      <br/>
                      <span>
                        <img src="skipped.png" width="3%"/>
                        <a href="#" panel-name="suite-Surefire_suite" title="com.pinelabs.RnD.AndroidTest.PaymentsUPIValidationsTest" class="method navigator-link" hash-for-method="iCICI_UPI_003">iCICI_UPI_003</a> <!-- method navigator-link -->
                      </span>
                      <br/>
                      <span>
                        <img src="skipped.png" width="3%"/>
                        <a href="#" panel-name="suite-Surefire_suite" title="com.pinelabs.RnD.AndroidTest.PaymentsUPIValidationsTest" class="method navigator-link" hash-for-method="iCICI_UPI_004">iCICI_UPI_004</a> <!-- method navigator-link -->
                      </span>
                      <br/>
                      <span>
                        <img src="skipped.png" width="3%"/>
                        <a href="#" panel-name="suite-Surefire_suite" title="com.pinelabs.RnD.AndroidTest.PaymentsUPIValidationsTest" class="method navigator-link" hash-for-method="iCICI_UPI_005">iCICI_UPI_005</a> <!-- method navigator-link -->
                      </span>
                      <br/>
                      <span>
                        <img src="skipped.png" width="3%"/>
                        <a href="#" panel-name="suite-Surefire_suite" title="com.pinelabs.RnD.AndroidTest.PaymentsUPIValidationsTest" class="method navigator-link" hash-for-method="iCICI_UPI_005a">iCICI_UPI_005a</a> <!-- method navigator-link -->
                      </span>
                      <br/>
                      <span>
                        <img src="skipped.png" width="3%"/>
                        <a href="#" panel-name="suite-Surefire_suite" title="com.pinelabs.RnD.AndroidTest.PaymentsUPIValidationsTest" class="method navigator-link" hash-for-method="iCICI_UPI_005b">iCICI_UPI_005b</a> <!-- method navigator-link -->
                      </span>
                      <br/>
                      <span>
                        <img src="skipped.png" width="3%"/>
                        <a href="#" panel-name="suite-Surefire_suite" title="com.pinelabs.RnD.AndroidTest.PaymentsUPIValidationsTest" class="method navigator-link" hash-for-method="iCICI_UPI_010">iCICI_UPI_010</a> <!-- method navigator-link -->
                      </span>
                      <br/>
                      <span>
                        <img src="skipped.png" width="3%"/>
                        <a href="#" panel-name="suite-Surefire_suite" title="com.pinelabs.RnD.AndroidTest.PaymentsUPIValidationsTest" class="method navigator-link" hash-for-method="iCICI_UPI_011">iCICI_UPI_011</a> <!-- method navigator-link -->
                      </span>
                      <br/>
                      <span>
                        <img src="skipped.png" width="3%"/>
                        <a href="#" panel-name="suite-Surefire_suite" title="com.pinelabs.RnD.AndroidTest.PaymentsUPIValidationsTest" class="method navigator-link" hash-for-method="iCICI_UPI_012">iCICI_UPI_012</a> <!-- method navigator-link -->
                      </span>
                      <br/>
                      <span>
                        <img src="skipped.png" width="3%"/>
                        <a href="#" panel-name="suite-Surefire_suite" title="com.pinelabs.RnD.AndroidTest.PaymentsUPIValidationsTest" class="method navigator-link" hash-for-method="iCICI_UPI_013">iCICI_UPI_013</a> <!-- method navigator-link -->
                      </span>
                      <br/>
                      <span>
                        <img src="skipped.png" width="3%"/>
                        <a href="#" panel-name="suite-Surefire_suite" title="com.pinelabs.RnD.AndroidTest.PaymentsUPIValidationsTest" class="method navigator-link" hash-for-method="iCICI_UPI_014">iCICI_UPI_014</a> <!-- method navigator-link -->
                      </span>
                      <br/>
                      <span>
                        <img src="skipped.png" width="3%"/>
                        <a href="#" panel-name="suite-Surefire_suite" title="com.pinelabs.RnD.AndroidTest.PaymentsUPIValidationsTest" class="method navigator-link" hash-for-method="iCICI_UPI_015">iCICI_UPI_015</a> <!-- method navigator-link -->
                      </span>
                      <br/>
                      <span>
                        <img src="skipped.png" width="3%"/>
                        <a href="#" panel-name="suite-Surefire_suite" title="com.pinelabs.RnD.AndroidTest.PaymentsUPIValidationsTest" class="method navigator-link" hash-for-method="iCICI_UPI_016">iCICI_UPI_016</a> <!-- method navigator-link -->
                      </span>
                      <br/>
                      <span>
                        <img src="skipped.png" width="3%"/>
                        <a href="#" panel-name="suite-Surefire_suite" title="com.pinelabs.RnD.AndroidTest.PaymentsUPIValidationsTest" class="method navigator-link" hash-for-method="iCICI_UPI_017">iCICI_UPI_017</a> <!-- method navigator-link -->
                      </span>
                      <br/>
                      <span>
                        <img src="skipped.png" width="3%"/>
                        <a href="#" panel-name="suite-Surefire_suite" title="com.pinelabs.RnD.AndroidTest.PaymentsUPIValidationsTest" class="method navigator-link" hash-for-method="iCICI_UPI_019">iCICI_UPI_019</a> <!-- method navigator-link -->
                      </span>
                      <br/>
                      <span>
                        <img src="skipped.png" width="3%"/>
                        <a href="#" panel-name="suite-Surefire_suite" title="com.pinelabs.RnD.AndroidTest.PaymentsUPIValidationsTest" class="method navigator-link" hash-for-method="iCICI_UPI_020">iCICI_UPI_020</a> <!-- method navigator-link -->
                      </span>
                      <br/>
                      <span>
                        <img src="skipped.png" width="3%"/>
                        <a href="#" panel-name="suite-Surefire_suite" title="com.pinelabs.RnD.AndroidTest.PaymentsUPIValidationsTest" class="method navigator-link" hash-for-method="iCICI_UPI_022">iCICI_UPI_022</a> <!-- method navigator-link -->
                      </span>
                      <br/>
                      <span>
                        <img src="skipped.png" width="3%"/>
                        <a href="#" panel-name="suite-Surefire_suite" title="com.pinelabs.RnD.AndroidTest.PaymentsUPIValidationsTest" class="method navigator-link" hash-for-method="iCICI_UPI_023">iCICI_UPI_023</a> <!-- method navigator-link -->
                      </span>
                      <br/>
                      <span>
                        <img src="skipped.png" width="3%"/>
                        <a href="#" panel-name="suite-Surefire_suite" title="com.pinelabs.RnD.AndroidTest.PaymentsUPIValidationsTest" class="method navigator-link" hash-for-method="iCICI_UPI_024">iCICI_UPI_024</a> <!-- method navigator-link -->
                      </span>
                      <br/>
                      <span>
                        <img src="skipped.png" width="3%"/>
                        <a href="#" panel-name="suite-Surefire_suite" title="com.pinelabs.RnD.AndroidTest.PaymentsUPIValidationsTest" class="method navigator-link" hash-for-method="iCICI_UPI_025">iCICI_UPI_025</a> <!-- method navigator-link -->
                      </span>
                      <br/>
                      <span>
                        <img src="skipped.png" width="3%"/>
                        <a href="#" panel-name="suite-Surefire_suite" title="com.pinelabs.RnD.AndroidTest.PaymentsUPIValidationsTest" class="method navigator-link" hash-for-method="iCICI_UPI_026">iCICI_UPI_026</a> <!-- method navigator-link -->
                      </span>
                      <br/>
                      <span>
                        <img src="skipped.png" width="3%"/>
                        <a href="#" panel-name="suite-Surefire_suite" title="com.pinelabs.RnD.AndroidTest.PaymentsUPIValidationsTest" class="method navigator-link" hash-for-method="iCICI_UPI_027">iCICI_UPI_027</a> <!-- method navigator-link -->
                      </span>
                      <br/>
                      <span>
                        <img src="skipped.png" width="3%"/>
                        <a href="#" panel-name="suite-Surefire_suite" title="com.pinelabs.RnD.AndroidTest.PaymentsUPIValidationsTest" class="method navigator-link" hash-for-method="iCICI_UPI_028">iCICI_UPI_028</a> <!-- method navigator-link -->
                      </span>
                      <br/>
                      <span>
                        <img src="skipped.png" width="3%"/>
                        <a href="#" panel-name="suite-Surefire_suite" title="com.pinelabs.RnD.AndroidTest.PaymentsUPIValidationsTest" class="method navigator-link" hash-for-method="iCICI_UPI_029">iCICI_UPI_029</a> <!-- method navigator-link -->
                      </span>
                      <br/>
                      <span>
                        <img src="skipped.png" width="3%"/>
                        <a href="#" panel-name="suite-Surefire_suite" title="com.pinelabs.RnD.AndroidTest.PaymentsUPIValidationsTest" class="method navigator-link" hash-for-method="iCICI_UPI_030">iCICI_UPI_030</a> <!-- method navigator-link -->
                      </span>
                      <br/>
                      <span>
                        <img src="skipped.png" width="3%"/>
                        <a href="#" panel-name="suite-Surefire_suite" title="com.pinelabs.RnD.AndroidTest.IrisAppTest" class="method navigator-link" hash-for-method="validateRadioButtons">validateRadioButtons</a> <!-- method navigator-link -->
                      </span>
                      <br/>
                      <span>
                        <img src="skipped.png" width="3%"/>
                        <a href="#" panel-name="suite-Surefire_suite" title="com.pinelabs.RnD.AndroidTest.IrisAppTest" class="method navigator-link" hash-for-method="validateTextBoxes">validateTextBoxes</a> <!-- method navigator-link -->
                      </span>
                      <br/>
                    </div> <!-- method-list-content skipped suite-Surefire_suite -->
                  </li>
                  <li>
                    <span class="method-list-title passed">Passed methods</span>
                    <span class="show-or-hide-methods passed">
                      <a href="#" panel-name="suite-Surefire_suite" class="hide-methods passed suite-Surefire_suite"> (hide)</a> <!-- hide-methods passed suite-Surefire_suite -->
                      <a href="#" panel-name="suite-Surefire_suite" class="show-methods passed suite-Surefire_suite"> (show)</a> <!-- show-methods passed suite-Surefire_suite -->
                    </span>
                    <div class="method-list-content passed suite-Surefire_suite">
                      <span>
                        <img src="passed.png" width="3%"/>
                        <a href="#" panel-name="suite-Surefire_suite" title="com.pinelabs.RnD.WebUITest.GoogleDemoTest" class="method navigator-link" hash-for-method="fetchJsonData">fetchJsonData</a> <!-- method navigator-link -->
                      </span>
                      <br/>
                    </div> <!-- method-list-content passed suite-Surefire_suite -->
                  </li>
                </ul>
              </div> <!-- suite-section-content -->
            </div> <!-- result-section -->
          </div> <!-- navigator-suite-content -->
        </div> <!-- rounded-window -->
      </div> <!-- suite -->
    </div> <!-- navigator-root -->
    <div class="wrapper">
      <div class="main-panel-root">
        <div panel-name="suite-Surefire_suite" class="panel Surefire_suite">
          <div class="suite-Surefire_suite-class-failed">
            <div class="main-panel-header rounded-window-top">
              <img src="failed.png"/>
              <span class="class-name">com.pinelabs.RnD.WebUITest.GoogleDemoTest</span>
            </div> <!-- main-panel-header rounded-window-top -->
            <div class="main-panel-content rounded-window-bottom">
              <div class="method">
                <div class="method-content">
                  <a name="launchGoogle">
                  </a> <!-- launchGoogle -->
                  <span class="method-name">launchGoogle</span>
                  <div class="stack-trace"><b>"java.lang.NullPointerException: Cannot invoke &quot;java.sql.Connection.createStatement()&quot; because &quot;com.pinelabs.RnD.WebUI.CommonUtilsWebUI.SQLDatabaseUtility.con&quot; is null
	at com.pinelabs.RnD.WebUI.CommonUtilsWebUI.SQLDatabaseUtility.executeSelectquery(SQLDatabaseUtility.java:46)
	at com.pinelabs.RnD.WebUITest.GoogleDemoTest.launchGoogle(GoogleDemoTest.java:59)
	at org.apache.maven.surefire.testng.TestNGExecutor.run(TestNGExecutor.java:135)
	at org.apache.maven.surefire.testng.TestNGDirectoryTestSuite.executeMulti(TestNGDirectoryTestSuite.java:193)
	at org.apache.maven.surefire.testng.TestNGDirectoryTestSuite.execute(TestNGDirectoryTestSuite.java:94)
	at org.apache.maven.surefire.testng.TestNGProvider.invoke(TestNGProvider.java:146)
	at org.apache.maven.surefire.booter.ForkedBooter.invokeProviderInSameClassLoader(ForkedBooter.java:384)
	at org.apache.maven.surefire.booter.ForkedBooter.runSuitesInProcess(ForkedBooter.java:345)
	at org.apache.maven.surefire.booter.ForkedBooter.execute(ForkedBooter.java:126)
	at org.apache.maven.surefire.booter.ForkedBooter.main(ForkedBooter.java:418)
... Removed 21 stack frames<br/> java.lang.NullPointerException: Cannot invoke &quot;java.sql.Connection.createStatement()&quot; because &quot;com.pinelabs.RnD.WebUI.CommonUtilsWebUI.SQLDatabaseUtility.con&quot; is null
	at com.pinelabs.RnD.WebUI.CommonUtilsWebUI.SQLDatabaseUtility.executeSelectquery(SQLDatabaseUtility.java:46)
	at com.pinelabs.RnD.WebUITest.GoogleDemoTest.launchGoogle(GoogleDemoTest.java:59)
	at java.base/jdk.internal.reflect.NativeMethodAccessorImpl.invoke0(Native Method)
	at java.base/jdk.internal.reflect.NativeMethodAccessorImpl.invoke(NativeMethodAccessorImpl.java:77)
	at java.base/jdk.internal.reflect.DelegatingMethodAccessorImpl.invoke(DelegatingMethodAccessorImpl.java:43)
	at java.base/java.lang.reflect.Method.invoke(Method.java:568)
	at org.testng.internal.MethodInvocationHelper.invokeMethod(MethodInvocationHelper.java:80)
	at org.testng.internal.Invoker.invokeMethod(Invoker.java:714)
	at org.testng.internal.Invoker.invokeTestMethod(Invoker.java:901)
	at org.testng.internal.Invoker.invokeTestMethods(Invoker.java:1231)
	at org.testng.internal.TestMethodWorker.invokeTestMethods(TestMethodWorker.java:127)
	at org.testng.internal.TestMethodWorker.run(TestMethodWorker.java:111)
	at org.testng.TestRunner.privateRun(TestRunner.java:767)
	at org.testng.TestRunner.run(TestRunner.java:617)
	at org.testng.SuiteRunner.runTest(SuiteRunner.java:334)
	at org.testng.SuiteRunner.runSequentially(SuiteRunner.java:329)
	at org.testng.SuiteRunner.privateRun(SuiteRunner.java:291)
	at org.testng.SuiteRunner.run(SuiteRunner.java:240)
	at org.testng.SuiteRunnerWorker.runSuite(SuiteRunnerWorker.java:52)
	at org.testng.SuiteRunnerWorker.run(SuiteRunnerWorker.java:86)
	at org.testng.TestNG.runSuitesSequentially(TestNG.java:1198)
	at org.testng.TestNG.runSuitesLocally(TestNG.java:1123)
	at org.testng.TestNG.run(TestNG.java:1031)
	at org.apache.maven.surefire.testng.TestNGExecutor.run(TestNGExecutor.java:135)
	at org.apache.maven.surefire.testng.TestNGDirectoryTestSuite.executeMulti(TestNGDirectoryTestSuite.java:193)
	at org.apache.maven.surefire.testng.TestNGDirectoryTestSuite.execute(TestNGDirectoryTestSuite.java:94)
	at org.apache.maven.surefire.testng.TestNGProvider.invoke(TestNGProvider.java:146)
	at org.apache.maven.surefire.booter.ForkedBooter.invokeProviderInSameClassLoader(ForkedBooter.java:384)
	at org.apache.maven.surefire.booter.ForkedBooter.runSuitesInProcess(ForkedBooter.java:345)
	at org.apache.maven.surefire.booter.ForkedBooter.execute(ForkedBooter.java:126)
	at org.apache.maven.surefire.booter.ForkedBooter.main(ForkedBooter.java:418)
"</b><br>com.pinelabs.RnD.WebUI.CommonUtilsWebUI.SQLDatabaseUtility.executeSelectquery(SQLDatabaseUtility.java:46)<br>com.pinelabs.RnD.WebUITest.GoogleDemoTest.launchGoogle(GoogleDemoTest.java:59)<br>java.base/jdk.internal.reflect.NativeMethodAccessorImpl.invoke0(Native Method)<br>java.base/jdk.internal.reflect.NativeMethodAccessorImpl.invoke(NativeMethodAccessorImpl.java:77)<br>java.base/jdk.internal.reflect.DelegatingMethodAccessorImpl.invoke(DelegatingMethodAccessorImpl.java:43)<br>java.base/java.lang.reflect.Method.invoke(Method.java:568)<br>org.testng.internal.MethodInvocationHelper.invokeMethod(MethodInvocationHelper.java:80)<br>org.testng.internal.Invoker.invokeMethod(Invoker.java:714)<br>org.testng.internal.Invoker.invokeTestMethod(Invoker.java:901)<br>org.testng.internal.Invoker.invokeTestMethods(Invoker.java:1231)<br>org.testng.internal.TestMethodWorker.invokeTestMethods(TestMethodWorker.java:127)<br>org.testng.internal.TestMethodWorker.run(TestMethodWorker.java:111)<br>org.testng.TestRunner.privateRun(TestRunner.java:767)<br>org.testng.TestRunner.run(TestRunner.java:617)<br>org.testng.SuiteRunner.runTest(SuiteRunner.java:334)<br>org.testng.SuiteRunner.runSequentially(SuiteRunner.java:329)<br>org.testng.SuiteRunner.privateRun(SuiteRunner.java:291)<br>org.testng.SuiteRunner.run(SuiteRunner.java:240)<br>org.testng.SuiteRunnerWorker.runSuite(SuiteRunnerWorker.java:52)<br>org.testng.SuiteRunnerWorker.run(SuiteRunnerWorker.java:86)<br>org.testng.TestNG.runSuitesSequentially(TestNG.java:1198)<br>org.testng.TestNG.runSuitesLocally(TestNG.java:1123)<br>org.testng.TestNG.run(TestNG.java:1031)<br>org.apache.maven.surefire.testng.TestNGExecutor.run(TestNGExecutor.java:135)<br>org.apache.maven.surefire.testng.TestNGDirectoryTestSuite.executeMulti(TestNGDirectoryTestSuite.java:193)<br>org.apache.maven.surefire.testng.TestNGDirectoryTestSuite.execute(TestNGDirectoryTestSuite.java:94)<br>org.apache.maven.surefire.testng.TestNGProvider.invoke(TestNGProvider.java:146)<br>org.apache.maven.surefire.booter.ForkedBooter.invokeProviderInSameClassLoader(ForkedBooter.java:384)<br>org.apache.maven.surefire.booter.ForkedBooter.runSuitesInProcess(ForkedBooter.java:345)<br>org.apache.maven.surefire.booter.ForkedBooter.execute(ForkedBooter.java:126)<br>org.apache.maven.surefire.booter.ForkedBooter.main(ForkedBooter.java:418)<br>
</div> <!-- stack-trace -->
                  <em>
(This test is to Launch google.com)                  </em>
                </div> <!-- method-content -->
              </div> <!-- method -->
              <div class="method">
                <div class="method-content">
                  <a name="launchpcui">
                  </a> <!-- launchpcui -->
                  <span class="method-name">launchpcui</span>
                  <div class="stack-trace"><b>"org.openqa.selenium.TimeoutException: Expected condition failed: waiting for visibility of element located by By.xpath: //img[@src=&apos;Captcha.aspx&apos;] (tried for 10 second(s) with 500 MILLISECONDS interval)
	at org.openqa.selenium.support.ui.WebDriverWait.timeoutException(WebDriverWait.java:82)
	at org.openqa.selenium.support.ui.FluentWait.until(FluentWait.java:231)
	at com.pinelabs.RnD.WebUI.Base.SeleniumUtilities.getElement(SeleniumUtilities.java:505)
	at com.pinelabs.RnD.WebUI.POM.GoogleDemoPage.captchatxt(GoogleDemoPage.java:30)
	at com.pinelabs.RnD.WebUITest.GoogleDemoTest.launchpcui(GoogleDemoTest.java:72)
	at org.apache.maven.surefire.testng.TestNGExecutor.run(TestNGExecutor.java:135)
	at org.apache.maven.surefire.testng.TestNGDirectoryTestSuite.executeMulti(TestNGDirectoryTestSuite.java:193)
	at org.apache.maven.surefire.testng.TestNGDirectoryTestSuite.execute(TestNGDirectoryTestSuite.java:94)
	at org.apache.maven.surefire.testng.TestNGProvider.invoke(TestNGProvider.java:146)
	at org.apache.maven.surefire.booter.ForkedBooter.invokeProviderInSameClassLoader(ForkedBooter.java:384)
	at org.apache.maven.surefire.booter.ForkedBooter.runSuitesInProcess(ForkedBooter.java:345)
	at org.apache.maven.surefire.booter.ForkedBooter.execute(ForkedBooter.java:126)
	at org.apache.maven.surefire.booter.ForkedBooter.main(ForkedBooter.java:418)
Caused by: org.openqa.selenium.NoSuchElementException: Cannot locate an element using By.xpath: //img[@src=&apos;Captcha.aspx&apos;]
For documentation on this error, please visit: http://seleniumhq.org/exceptions/no_such_element.html
Build info: version: &apos;3.9.1&apos;, revision: &apos;63f7b50&apos;, time: &apos;2018-02-07T22:25:02.294Z&apos;
System info: host: &apos;PINENOIL12364&apos;, ip: &apos;172.17.112.1&apos;, os.name: &apos;Windows 10&apos;, os.arch: &apos;amd64&apos;, os.version: &apos;10.0&apos;, java.version: &apos;17.0.1&apos;
Driver info: driver.version: unknown
	at org.openqa.selenium.support.ui.ExpectedConditions.lambda$findElement$0(ExpectedConditions.java:896)
	at java.base/java.util.Optional.orElseThrow(Optional.java:403)
	at org.openqa.selenium.support.ui.ExpectedConditions.findElement(ExpectedConditions.java:895)
	at org.openqa.selenium.support.ui.ExpectedConditions.access$000(ExpectedConditions.java:44)
	at org.openqa.selenium.support.ui.ExpectedConditions$7.apply(ExpectedConditions.java:206)
	at org.openqa.selenium.support.ui.ExpectedConditions$7.apply(ExpectedConditions.java:202)
	at org.openqa.selenium.support.ui.FluentWait.until(FluentWait.java:208)
	... 32 more
... Removed 21 stack frames<br/> org.openqa.selenium.TimeoutException: Expected condition failed: waiting for visibility of element located by By.xpath: //img[@src=&apos;Captcha.aspx&apos;] (tried for 10 second(s) with 500 MILLISECONDS interval)
	at org.openqa.selenium.support.ui.WebDriverWait.timeoutException(WebDriverWait.java:82)
	at org.openqa.selenium.support.ui.FluentWait.until(FluentWait.java:231)
	at com.pinelabs.RnD.WebUI.Base.SeleniumUtilities.getElement(SeleniumUtilities.java:505)
	at com.pinelabs.RnD.WebUI.POM.GoogleDemoPage.captchatxt(GoogleDemoPage.java:30)
	at com.pinelabs.RnD.WebUITest.GoogleDemoTest.launchpcui(GoogleDemoTest.java:72)
	at java.base/jdk.internal.reflect.NativeMethodAccessorImpl.invoke0(Native Method)
	at java.base/jdk.internal.reflect.NativeMethodAccessorImpl.invoke(NativeMethodAccessorImpl.java:77)
	at java.base/jdk.internal.reflect.DelegatingMethodAccessorImpl.invoke(DelegatingMethodAccessorImpl.java:43)
	at java.base/java.lang.reflect.Method.invoke(Method.java:568)
	at org.testng.internal.MethodInvocationHelper.invokeMethod(MethodInvocationHelper.java:80)
	at org.testng.internal.Invoker.invokeMethod(Invoker.java:714)
	at org.testng.internal.Invoker.invokeTestMethod(Invoker.java:901)
	at org.testng.internal.Invoker.invokeTestMethods(Invoker.java:1231)
	at org.testng.internal.TestMethodWorker.invokeTestMethods(TestMethodWorker.java:127)
	at org.testng.internal.TestMethodWorker.run(TestMethodWorker.java:111)
	at org.testng.TestRunner.privateRun(TestRunner.java:767)
	at org.testng.TestRunner.run(TestRunner.java:617)
	at org.testng.SuiteRunner.runTest(SuiteRunner.java:334)
	at org.testng.SuiteRunner.runSequentially(SuiteRunner.java:329)
	at org.testng.SuiteRunner.privateRun(SuiteRunner.java:291)
	at org.testng.SuiteRunner.run(SuiteRunner.java:240)
	at org.testng.SuiteRunnerWorker.runSuite(SuiteRunnerWorker.java:52)
	at org.testng.SuiteRunnerWorker.run(SuiteRunnerWorker.java:86)
	at org.testng.TestNG.runSuitesSequentially(TestNG.java:1198)
	at org.testng.TestNG.runSuitesLocally(TestNG.java:1123)
	at org.testng.TestNG.run(TestNG.java:1031)
	at org.apache.maven.surefire.testng.TestNGExecutor.run(TestNGExecutor.java:135)
	at org.apache.maven.surefire.testng.TestNGDirectoryTestSuite.executeMulti(TestNGDirectoryTestSuite.java:193)
	at org.apache.maven.surefire.testng.TestNGDirectoryTestSuite.execute(TestNGDirectoryTestSuite.java:94)
	at org.apache.maven.surefire.testng.TestNGProvider.invoke(TestNGProvider.java:146)
	at org.apache.maven.surefire.booter.ForkedBooter.invokeProviderInSameClassLoader(ForkedBooter.java:384)
	at org.apache.maven.surefire.booter.ForkedBooter.runSuitesInProcess(ForkedBooter.java:345)
	at org.apache.maven.surefire.booter.ForkedBooter.execute(ForkedBooter.java:126)
	at org.apache.maven.surefire.booter.ForkedBooter.main(ForkedBooter.java:418)
Caused by: org.openqa.selenium.NoSuchElementException: Cannot locate an element using By.xpath: //img[@src=&apos;Captcha.aspx&apos;]
For documentation on this error, please visit: http://seleniumhq.org/exceptions/no_such_element.html
Build info: version: &apos;3.9.1&apos;, revision: &apos;63f7b50&apos;, time: &apos;2018-02-07T22:25:02.294Z&apos;
System info: host: &apos;PINENOIL12364&apos;, ip: &apos;172.17.112.1&apos;, os.name: &apos;Windows 10&apos;, os.arch: &apos;amd64&apos;, os.version: &apos;10.0&apos;, java.version: &apos;17.0.1&apos;
Driver info: driver.version: unknown
	at org.openqa.selenium.support.ui.ExpectedConditions.lambda$findElement$0(ExpectedConditions.java:896)
	at java.base/java.util.Optional.orElseThrow(Optional.java:403)
	at org.openqa.selenium.support.ui.ExpectedConditions.findElement(ExpectedConditions.java:895)
	at org.openqa.selenium.support.ui.ExpectedConditions.access$000(ExpectedConditions.java:44)
	at org.openqa.selenium.support.ui.ExpectedConditions$7.apply(ExpectedConditions.java:206)
	at org.openqa.selenium.support.ui.ExpectedConditions$7.apply(ExpectedConditions.java:202)
	at org.openqa.selenium.support.ui.FluentWait.until(FluentWait.java:208)
	... 32 more
"</b><br>org.openqa.selenium.support.ui.WebDriverWait.timeoutException(WebDriverWait.java:82)<br>org.openqa.selenium.support.ui.FluentWait.until(FluentWait.java:231)<br>com.pinelabs.RnD.WebUI.Base.SeleniumUtilities.getElement(SeleniumUtilities.java:505)<br>com.pinelabs.RnD.WebUI.POM.GoogleDemoPage.captchatxt(GoogleDemoPage.java:30)<br>com.pinelabs.RnD.WebUITest.GoogleDemoTest.launchpcui(GoogleDemoTest.java:72)<br>java.base/jdk.internal.reflect.NativeMethodAccessorImpl.invoke0(Native Method)<br>java.base/jdk.internal.reflect.NativeMethodAccessorImpl.invoke(NativeMethodAccessorImpl.java:77)<br>java.base/jdk.internal.reflect.DelegatingMethodAccessorImpl.invoke(DelegatingMethodAccessorImpl.java:43)<br>java.base/java.lang.reflect.Method.invoke(Method.java:568)<br>org.testng.internal.MethodInvocationHelper.invokeMethod(MethodInvocationHelper.java:80)<br>org.testng.internal.Invoker.invokeMethod(Invoker.java:714)<br>org.testng.internal.Invoker.invokeTestMethod(Invoker.java:901)<br>org.testng.internal.Invoker.invokeTestMethods(Invoker.java:1231)<br>org.testng.internal.TestMethodWorker.invokeTestMethods(TestMethodWorker.java:127)<br>org.testng.internal.TestMethodWorker.run(TestMethodWorker.java:111)<br>org.testng.TestRunner.privateRun(TestRunner.java:767)<br>org.testng.TestRunner.run(TestRunner.java:617)<br>org.testng.SuiteRunner.runTest(SuiteRunner.java:334)<br>org.testng.SuiteRunner.runSequentially(SuiteRunner.java:329)<br>org.testng.SuiteRunner.privateRun(SuiteRunner.java:291)<br>org.testng.SuiteRunner.run(SuiteRunner.java:240)<br>org.testng.SuiteRunnerWorker.runSuite(SuiteRunnerWorker.java:52)<br>org.testng.SuiteRunnerWorker.run(SuiteRunnerWorker.java:86)<br>org.testng.TestNG.runSuitesSequentially(TestNG.java:1198)<br>org.testng.TestNG.runSuitesLocally(TestNG.java:1123)<br>org.testng.TestNG.run(TestNG.java:1031)<br>org.apache.maven.surefire.testng.TestNGExecutor.run(TestNGExecutor.java:135)<br>org.apache.maven.surefire.testng.TestNGDirectoryTestSuite.executeMulti(TestNGDirectoryTestSuite.java:193)<br>org.apache.maven.surefire.testng.TestNGDirectoryTestSuite.execute(TestNGDirectoryTestSuite.java:94)<br>org.apache.maven.surefire.testng.TestNGProvider.invoke(TestNGProvider.java:146)<br>org.apache.maven.surefire.booter.ForkedBooter.invokeProviderInSameClassLoader(ForkedBooter.java:384)<br>org.apache.maven.surefire.booter.ForkedBooter.runSuitesInProcess(ForkedBooter.java:345)<br>org.apache.maven.surefire.booter.ForkedBooter.execute(ForkedBooter.java:126)<br>org.apache.maven.surefire.booter.ForkedBooter.main(ForkedBooter.java:418)<br>
</div> <!-- stack-trace -->
                  <em>
(abc)                  </em>
                </div> <!-- method-content -->
              </div> <!-- method -->
              <div class="method">
                <div class="method-content">
                  <a name="m2">
                  </a> <!-- m2 -->
                  <span class="method-name">m2</span>
                  <div class="stack-trace"><b>"java.lang.RuntimeException: java.lang.NoClassDefFoundError: org/apache/commons/io/output/UnsynchronizedByteArrayOutputStream
	at org.apache.maven.surefire.testng.TestNGExecutor.run(TestNGExecutor.java:135)
	at org.apache.maven.surefire.testng.TestNGDirectoryTestSuite.executeMulti(TestNGDirectoryTestSuite.java:193)
	at org.apache.maven.surefire.testng.TestNGDirectoryTestSuite.execute(TestNGDirectoryTestSuite.java:94)
	at org.apache.maven.surefire.testng.TestNGProvider.invoke(TestNGProvider.java:146)
	at org.apache.maven.surefire.booter.ForkedBooter.invokeProviderInSameClassLoader(ForkedBooter.java:384)
	at org.apache.maven.surefire.booter.ForkedBooter.runSuitesInProcess(ForkedBooter.java:345)
	at org.apache.maven.surefire.booter.ForkedBooter.execute(ForkedBooter.java:126)
	at org.apache.maven.surefire.booter.ForkedBooter.main(ForkedBooter.java:418)
Caused by: java.lang.NoClassDefFoundError: org/apache/commons/io/output/UnsynchronizedByteArrayOutputStream
	at com.pinelabs.RnD.WebUI.CommonUtilsWebUI.ExcelUtility.launchWorkbook(ExcelUtility.java:147)
	at com.pinelabs.RnD.WebUI.CommonUtilsWebUI.ExcelUtility.excelFileReading(ExcelUtility.java:202)
	at com.pinelabs.RnD.WebUITest.GoogleDemoTest.checkExcelUtil(GoogleDemoTest.java:35)
	... 25 more
Caused by: java.lang.ClassNotFoundException: org.apache.commons.io.output.UnsynchronizedByteArrayOutputStream
	at java.base/jdk.internal.loader.BuiltinClassLoader.loadClass(BuiltinClassLoader.java:641)
	at java.base/jdk.internal.loader.ClassLoaders$AppClassLoader.loadClass(ClassLoaders.java:188)
	at java.base/java.lang.ClassLoader.loadClass(ClassLoader.java:520)
	... 34 more
... Removed 24 stack frames<br/> java.lang.RuntimeException: java.lang.NoClassDefFoundError: org/apache/commons/io/output/UnsynchronizedByteArrayOutputStream
	at org.testng.internal.MethodInvocationHelper.invokeDataProvider(MethodInvocationHelper.java:143)
	at org.testng.internal.Parameters.handleParameters(Parameters.java:426)
	at org.testng.internal.Invoker.handleParameters(Invoker.java:1383)
	at org.testng.internal.Invoker.createParameters(Invoker.java:1075)
	at org.testng.internal.Invoker.invokeTestMethods(Invoker.java:1180)
	at org.testng.internal.TestMethodWorker.invokeTestMethods(TestMethodWorker.java:127)
	at org.testng.internal.TestMethodWorker.run(TestMethodWorker.java:111)
	at org.testng.TestRunner.privateRun(TestRunner.java:767)
	at org.testng.TestRunner.run(TestRunner.java:617)
	at org.testng.SuiteRunner.runTest(SuiteRunner.java:334)
	at org.testng.SuiteRunner.runSequentially(SuiteRunner.java:329)
	at org.testng.SuiteRunner.privateRun(SuiteRunner.java:291)
	at org.testng.SuiteRunner.run(SuiteRunner.java:240)
	at org.testng.SuiteRunnerWorker.runSuite(SuiteRunnerWorker.java:52)
	at org.testng.SuiteRunnerWorker.run(SuiteRunnerWorker.java:86)
	at org.testng.TestNG.runSuitesSequentially(TestNG.java:1198)
	at org.testng.TestNG.runSuitesLocally(TestNG.java:1123)
	at org.testng.TestNG.run(TestNG.java:1031)
	at org.apache.maven.surefire.testng.TestNGExecutor.run(TestNGExecutor.java:135)
	at org.apache.maven.surefire.testng.TestNGDirectoryTestSuite.executeMulti(TestNGDirectoryTestSuite.java:193)
	at org.apache.maven.surefire.testng.TestNGDirectoryTestSuite.execute(TestNGDirectoryTestSuite.java:94)
	at org.apache.maven.surefire.testng.TestNGProvider.invoke(TestNGProvider.java:146)
	at org.apache.maven.surefire.booter.ForkedBooter.invokeProviderInSameClassLoader(ForkedBooter.java:384)
	at org.apache.maven.surefire.booter.ForkedBooter.runSuitesInProcess(ForkedBooter.java:345)
	at org.apache.maven.surefire.booter.ForkedBooter.execute(ForkedBooter.java:126)
	at org.apache.maven.surefire.booter.ForkedBooter.main(ForkedBooter.java:418)
Caused by: java.lang.NoClassDefFoundError: org/apache/commons/io/output/UnsynchronizedByteArrayOutputStream
	at com.pinelabs.RnD.WebUI.CommonUtilsWebUI.ExcelUtility.launchWorkbook(ExcelUtility.java:147)
	at com.pinelabs.RnD.WebUI.CommonUtilsWebUI.ExcelUtility.excelFileReading(ExcelUtility.java:202)
	at com.pinelabs.RnD.WebUITest.GoogleDemoTest.checkExcelUtil(GoogleDemoTest.java:35)
	at java.base/jdk.internal.reflect.NativeMethodAccessorImpl.invoke0(Native Method)
	at java.base/jdk.internal.reflect.NativeMethodAccessorImpl.invoke(NativeMethodAccessorImpl.java:77)
	at java.base/jdk.internal.reflect.DelegatingMethodAccessorImpl.invoke(DelegatingMethodAccessorImpl.java:43)
	at java.base/java.lang.reflect.Method.invoke(Method.java:568)
	at org.testng.internal.MethodInvocationHelper.invokeMethod(MethodInvocationHelper.java:80)
	at org.testng.internal.MethodInvocationHelper.invokeDataProvider(MethodInvocationHelper.java:117)
	... 25 more
Caused by: java.lang.ClassNotFoundException: org.apache.commons.io.output.UnsynchronizedByteArrayOutputStream
	at java.base/jdk.internal.loader.BuiltinClassLoader.loadClass(BuiltinClassLoader.java:641)
	at java.base/jdk.internal.loader.ClassLoaders$AppClassLoader.loadClass(ClassLoaders.java:188)
	at java.base/java.lang.ClassLoader.loadClass(ClassLoader.java:520)
	... 34 more
"</b><br>org.testng.internal.MethodInvocationHelper.invokeDataProvider(MethodInvocationHelper.java:143)<br>org.testng.internal.Parameters.handleParameters(Parameters.java:426)<br>org.testng.internal.Invoker.handleParameters(Invoker.java:1383)<br>org.testng.internal.Invoker.createParameters(Invoker.java:1075)<br>org.testng.internal.Invoker.invokeTestMethods(Invoker.java:1180)<br>org.testng.internal.TestMethodWorker.invokeTestMethods(TestMethodWorker.java:127)<br>org.testng.internal.TestMethodWorker.run(TestMethodWorker.java:111)<br>org.testng.TestRunner.privateRun(TestRunner.java:767)<br>org.testng.TestRunner.run(TestRunner.java:617)<br>org.testng.SuiteRunner.runTest(SuiteRunner.java:334)<br>org.testng.SuiteRunner.runSequentially(SuiteRunner.java:329)<br>org.testng.SuiteRunner.privateRun(SuiteRunner.java:291)<br>org.testng.SuiteRunner.run(SuiteRunner.java:240)<br>org.testng.SuiteRunnerWorker.runSuite(SuiteRunnerWorker.java:52)<br>org.testng.SuiteRunnerWorker.run(SuiteRunnerWorker.java:86)<br>org.testng.TestNG.runSuitesSequentially(TestNG.java:1198)<br>org.testng.TestNG.runSuitesLocally(TestNG.java:1123)<br>org.testng.TestNG.run(TestNG.java:1031)<br>org.apache.maven.surefire.testng.TestNGExecutor.run(TestNGExecutor.java:135)<br>org.apache.maven.surefire.testng.TestNGDirectoryTestSuite.executeMulti(TestNGDirectoryTestSuite.java:193)<br>org.apache.maven.surefire.testng.TestNGDirectoryTestSuite.execute(TestNGDirectoryTestSuite.java:94)<br>org.apache.maven.surefire.testng.TestNGProvider.invoke(TestNGProvider.java:146)<br>org.apache.maven.surefire.booter.ForkedBooter.invokeProviderInSameClassLoader(ForkedBooter.java:384)<br>org.apache.maven.surefire.booter.ForkedBooter.runSuitesInProcess(ForkedBooter.java:345)<br>org.apache.maven.surefire.booter.ForkedBooter.execute(ForkedBooter.java:126)<br>org.apache.maven.surefire.booter.ForkedBooter.main(ForkedBooter.java:418)<br>
</div> <!-- stack-trace -->
                </div> <!-- method-content -->
              </div> <!-- method -->
              <div class="method">
                <div class="method-content">
                  <a name="searchGoogle">
                  </a> <!-- searchGoogle -->
                  <span class="method-name">searchGoogle</span>
                  <div class="stack-trace"><b>"org.openqa.selenium.WebDriverException: chrome not reachable
  (Session info: chrome=99.0.4844.82)
Build info: version: &apos;3.9.1&apos;, revision: &apos;63f7b50&apos;, time: &apos;2018-02-07T22:25:02.294Z&apos;
System info: host: &apos;PINENOIL12364&apos;, ip: &apos;172.17.112.1&apos;, os.name: &apos;Windows 10&apos;, os.arch: &apos;amd64&apos;, os.version: &apos;10.0&apos;, java.version: &apos;17.0.1&apos;
Driver info: org.openqa.selenium.chrome.ChromeDriver
Capabilities {acceptInsecureCerts: false, browserName: chrome, browserVersion: 99.0.4844.82, chrome: {chromedriverVersion: 99.0.4844.51 (d537ec02474b5..., userDataDir: C:\Users\HIMANS~1.SIS\AppDa...}, goog:chromeOptions: {debuggerAddress: localhost:54369}, javascriptEnabled: true, networkConnectionEnabled: false, pageLoadStrategy: normal, platform: WINDOWS, platformName: WINDOWS, proxy: Proxy(), setWindowRect: true, strictFileInteractability: false, timeouts: {implicit: 0, pageLoad: 300000, script: 30000}, unhandledPromptBehavior: dismiss and notify, webauthn:extension:credBlob: true, webauthn:extension:largeBlob: true, webauthn:virtualAuthenticators: true}
Session ID: 708a9b61087e2405d751eb21e09be467
*** Element info: {Using=xpath, value=//input[@title=&apos;Search&apos;]}
	at org.openqa.selenium.remote.http.W3CHttpResponseCodec.createException(W3CHttpResponseCodec.java:187)
	at org.openqa.selenium.remote.http.W3CHttpResponseCodec.decode(W3CHttpResponseCodec.java:122)
	at org.openqa.selenium.remote.http.W3CHttpResponseCodec.decode(W3CHttpResponseCodec.java:49)
	at org.openqa.selenium.remote.HttpCommandExecutor.execute(HttpCommandExecutor.java:160)
	at org.openqa.selenium.remote.service.DriverCommandExecutor.execute(DriverCommandExecutor.java:83)
	at org.openqa.selenium.remote.RemoteWebDriver.execute(RemoteWebDriver.java:601)
	at org.openqa.selenium.remote.RemoteWebDriver.findElements(RemoteWebDriver.java:398)
	at org.openqa.selenium.remote.RemoteWebDriver.findElementsByXPath(RemoteWebDriver.java:477)
	at org.openqa.selenium.By$ByXPath.findElements(By.java:356)
	at org.openqa.selenium.remote.RemoteWebDriver.findElements(RemoteWebDriver.java:359)
	at org.openqa.selenium.support.ui.ExpectedConditions.findElement(ExpectedConditions.java:895)
	at org.openqa.selenium.support.ui.ExpectedConditions.access$000(ExpectedConditions.java:44)
	at org.openqa.selenium.support.ui.ExpectedConditions$7.apply(ExpectedConditions.java:206)
	at org.openqa.selenium.support.ui.ExpectedConditions$7.apply(ExpectedConditions.java:202)
	at org.openqa.selenium.support.ui.FluentWait.until(FluentWait.java:208)
	at com.pinelabs.RnD.WebUI.Base.SeleniumUtilities.getElement(SeleniumUtilities.java:505)
	at com.pinelabs.RnD.WebUI.Base.SeleniumUtilities.clickOnElement(SeleniumUtilities.java:232)
	at com.pinelabs.RnD.WebUI.POM.GoogleDemoPage.searchText(GoogleDemoPage.java:25)
	at com.pinelabs.RnD.WebUITest.GoogleDemoTest.searchGoogle(GoogleDemoTest.java:65)
	at org.apache.maven.surefire.testng.TestNGExecutor.run(TestNGExecutor.java:135)
	at org.apache.maven.surefire.testng.TestNGDirectoryTestSuite.executeMulti(TestNGDirectoryTestSuite.java:193)
	at org.apache.maven.surefire.testng.TestNGDirectoryTestSuite.execute(TestNGDirectoryTestSuite.java:94)
	at org.apache.maven.surefire.testng.TestNGProvider.invoke(TestNGProvider.java:146)
	at org.apache.maven.surefire.booter.ForkedBooter.invokeProviderInSameClassLoader(ForkedBooter.java:384)
	at org.apache.maven.surefire.booter.ForkedBooter.runSuitesInProcess(ForkedBooter.java:345)
	at org.apache.maven.surefire.booter.ForkedBooter.execute(ForkedBooter.java:126)
	at org.apache.maven.surefire.booter.ForkedBooter.main(ForkedBooter.java:418)
... Removed 26 stack frames<br/> org.openqa.selenium.WebDriverException: chrome not reachable
  (Session info: chrome=99.0.4844.82)
Build info: version: &apos;3.9.1&apos;, revision: &apos;63f7b50&apos;, time: &apos;2018-02-07T22:25:02.294Z&apos;
System info: host: &apos;PINENOIL12364&apos;, ip: &apos;172.17.112.1&apos;, os.name: &apos;Windows 10&apos;, os.arch: &apos;amd64&apos;, os.version: &apos;10.0&apos;, java.version: &apos;17.0.1&apos;
Driver info: org.openqa.selenium.chrome.ChromeDriver
Capabilities {acceptInsecureCerts: false, browserName: chrome, browserVersion: 99.0.4844.82, chrome: {chromedriverVersion: 99.0.4844.51 (d537ec02474b5..., userDataDir: C:\Users\HIMANS~1.SIS\AppDa...}, goog:chromeOptions: {debuggerAddress: localhost:54369}, javascriptEnabled: true, networkConnectionEnabled: false, pageLoadStrategy: normal, platform: WINDOWS, platformName: WINDOWS, proxy: Proxy(), setWindowRect: true, strictFileInteractability: false, timeouts: {implicit: 0, pageLoad: 300000, script: 30000}, unhandledPromptBehavior: dismiss and notify, webauthn:extension:credBlob: true, webauthn:extension:largeBlob: true, webauthn:virtualAuthenticators: true}
Session ID: 708a9b61087e2405d751eb21e09be467
*** Element info: {Using=xpath, value=//input[@title=&apos;Search&apos;]}
	at java.base/jdk.internal.reflect.NativeConstructorAccessorImpl.newInstance0(Native Method)
	at java.base/jdk.internal.reflect.NativeConstructorAccessorImpl.newInstance(NativeConstructorAccessorImpl.java:77)
	at java.base/jdk.internal.reflect.DelegatingConstructorAccessorImpl.newInstance(DelegatingConstructorAccessorImpl.java:45)
	at java.base/java.lang.reflect.Constructor.newInstanceWithCaller(Constructor.java:499)
	at java.base/java.lang.reflect.Constructor.newInstance(Constructor.java:480)
	at org.openqa.selenium.remote.http.W3CHttpResponseCodec.createException(W3CHttpResponseCodec.java:187)
	at org.openqa.selenium.remote.http.W3CHttpResponseCodec.decode(W3CHttpResponseCodec.java:122)
	at org.openqa.selenium.remote.http.W3CHttpResponseCodec.decode(W3CHttpResponseCodec.java:49)
	at org.openqa.selenium.remote.HttpCommandExecutor.execute(HttpCommandExecutor.java:160)
	at org.openqa.selenium.remote.service.DriverCommandExecutor.execute(DriverCommandExecutor.java:83)
	at org.openqa.selenium.remote.RemoteWebDriver.execute(RemoteWebDriver.java:601)
	at org.openqa.selenium.remote.RemoteWebDriver.findElements(RemoteWebDriver.java:398)
	at org.openqa.selenium.remote.RemoteWebDriver.findElementsByXPath(RemoteWebDriver.java:477)
	at org.openqa.selenium.By$ByXPath.findElements(By.java:356)
	at org.openqa.selenium.remote.RemoteWebDriver.findElements(RemoteWebDriver.java:359)
	at org.openqa.selenium.support.ui.ExpectedConditions.findElement(ExpectedConditions.java:895)
	at org.openqa.selenium.support.ui.ExpectedConditions.access$000(ExpectedConditions.java:44)
	at org.openqa.selenium.support.ui.ExpectedConditions$7.apply(ExpectedConditions.java:206)
	at org.openqa.selenium.support.ui.ExpectedConditions$7.apply(ExpectedConditions.java:202)
	at org.openqa.selenium.support.ui.FluentWait.until(FluentWait.java:208)
	at com.pinelabs.RnD.WebUI.Base.SeleniumUtilities.getElement(SeleniumUtilities.java:505)
	at com.pinelabs.RnD.WebUI.Base.SeleniumUtilities.clickOnElement(SeleniumUtilities.java:232)
	at com.pinelabs.RnD.WebUI.POM.GoogleDemoPage.searchText(GoogleDemoPage.java:25)
	at com.pinelabs.RnD.WebUITest.GoogleDemoTest.searchGoogle(GoogleDemoTest.java:65)
	at java.base/jdk.internal.reflect.NativeMethodAccessorImpl.invoke0(Native Method)
	at java.base/jdk.internal.reflect.NativeMethodAccessorImpl.invoke(NativeMethodAccessorImpl.java:77)
	at java.base/jdk.internal.reflect.DelegatingMethodAccessorImpl.invoke(DelegatingMethodAccessorImpl.java:43)
	at java.base/java.lang.reflect.Method.invoke(Method.java:568)
	at org.testng.internal.MethodInvocationHelper.invokeMethod(MethodInvocationHelper.java:80)
	at org.testng.internal.Invoker.invokeMethod(Invoker.java:714)
	at org.testng.internal.Invoker.invokeTestMethod(Invoker.java:901)
	at org.testng.internal.Invoker.invokeTestMethods(Invoker.java:1231)
	at org.testng.internal.TestMethodWorker.invokeTestMethods(TestMethodWorker.java:127)
	at org.testng.internal.TestMethodWorker.run(TestMethodWorker.java:111)
	at org.testng.TestRunner.privateRun(TestRunner.java:767)
	at org.testng.TestRunner.run(TestRunner.java:617)
	at org.testng.SuiteRunner.runTest(SuiteRunner.java:334)
	at org.testng.SuiteRunner.runSequentially(SuiteRunner.java:329)
	at org.testng.SuiteRunner.privateRun(SuiteRunner.java:291)
	at org.testng.SuiteRunner.run(SuiteRunner.java:240)
	at org.testng.SuiteRunnerWorker.runSuite(SuiteRunnerWorker.java:52)
	at org.testng.SuiteRunnerWorker.run(SuiteRunnerWorker.java:86)
	at org.testng.TestNG.runSuitesSequentially(TestNG.java:1198)
	at org.testng.TestNG.runSuitesLocally(TestNG.java:1123)
	at org.testng.TestNG.run(TestNG.java:1031)
	at org.apache.maven.surefire.testng.TestNGExecutor.run(TestNGExecutor.java:135)
	at org.apache.maven.surefire.testng.TestNGDirectoryTestSuite.executeMulti(TestNGDirectoryTestSuite.java:193)
	at org.apache.maven.surefire.testng.TestNGDirectoryTestSuite.execute(TestNGDirectoryTestSuite.java:94)
	at org.apache.maven.surefire.testng.TestNGProvider.invoke(TestNGProvider.java:146)
	at org.apache.maven.surefire.booter.ForkedBooter.invokeProviderInSameClassLoader(ForkedBooter.java:384)
	at org.apache.maven.surefire.booter.ForkedBooter.runSuitesInProcess(ForkedBooter.java:345)
	at org.apache.maven.surefire.booter.ForkedBooter.execute(ForkedBooter.java:126)
	at org.apache.maven.surefire.booter.ForkedBooter.main(ForkedBooter.java:418)
"</b><br>java.base/jdk.internal.reflect.NativeConstructorAccessorImpl.newInstance0(Native Method)<br>java.base/jdk.internal.reflect.NativeConstructorAccessorImpl.newInstance(NativeConstructorAccessorImpl.java:77)<br>java.base/jdk.internal.reflect.DelegatingConstructorAccessorImpl.newInstance(DelegatingConstructorAccessorImpl.java:45)<br>java.base/java.lang.reflect.Constructor.newInstanceWithCaller(Constructor.java:499)<br>java.base/java.lang.reflect.Constructor.newInstance(Constructor.java:480)<br>org.openqa.selenium.remote.http.W3CHttpResponseCodec.createException(W3CHttpResponseCodec.java:187)<br>org.openqa.selenium.remote.http.W3CHttpResponseCodec.decode(W3CHttpResponseCodec.java:122)<br>org.openqa.selenium.remote.http.W3CHttpResponseCodec.decode(W3CHttpResponseCodec.java:49)<br>org.openqa.selenium.remote.HttpCommandExecutor.execute(HttpCommandExecutor.java:160)<br>org.openqa.selenium.remote.service.DriverCommandExecutor.execute(DriverCommandExecutor.java:83)<br>org.openqa.selenium.remote.RemoteWebDriver.execute(RemoteWebDriver.java:601)<br>org.openqa.selenium.remote.RemoteWebDriver.findElements(RemoteWebDriver.java:398)<br>org.openqa.selenium.remote.RemoteWebDriver.findElementsByXPath(RemoteWebDriver.java:477)<br>org.openqa.selenium.By$ByXPath.findElements(By.java:356)<br>org.openqa.selenium.remote.RemoteWebDriver.findElements(RemoteWebDriver.java:359)<br>org.openqa.selenium.support.ui.ExpectedConditions.findElement(ExpectedConditions.java:895)<br>org.openqa.selenium.support.ui.ExpectedConditions.access$000(ExpectedConditions.java:44)<br>org.openqa.selenium.support.ui.ExpectedConditions$7.apply(ExpectedConditions.java:206)<br>org.openqa.selenium.support.ui.ExpectedConditions$7.apply(ExpectedConditions.java:202)<br>org.openqa.selenium.support.ui.FluentWait.until(FluentWait.java:208)<br>com.pinelabs.RnD.WebUI.Base.SeleniumUtilities.getElement(SeleniumUtilities.java:505)<br>com.pinelabs.RnD.WebUI.Base.SeleniumUtilities.clickOnElement(SeleniumUtilities.java:232)<br>com.pinelabs.RnD.WebUI.POM.GoogleDemoPage.searchText(GoogleDemoPage.java:25)<br>com.pinelabs.RnD.WebUITest.GoogleDemoTest.searchGoogle(GoogleDemoTest.java:65)<br>java.base/jdk.internal.reflect.NativeMethodAccessorImpl.invoke0(Native Method)<br>java.base/jdk.internal.reflect.NativeMethodAccessorImpl.invoke(NativeMethodAccessorImpl.java:77)<br>java.base/jdk.internal.reflect.DelegatingMethodAccessorImpl.invoke(DelegatingMethodAccessorImpl.java:43)<br>java.base/java.lang.reflect.Method.invoke(Method.java:568)<br>org.testng.internal.MethodInvocationHelper.invokeMethod(MethodInvocationHelper.java:80)<br>org.testng.internal.Invoker.invokeMethod(Invoker.java:714)<br>org.testng.internal.Invoker.invokeTestMethod(Invoker.java:901)<br>org.testng.internal.Invoker.invokeTestMethods(Invoker.java:1231)<br>org.testng.internal.TestMethodWorker.invokeTestMethods(TestMethodWorker.java:127)<br>org.testng.internal.TestMethodWorker.run(TestMethodWorker.java:111)<br>org.testng.TestRunner.privateRun(TestRunner.java:767)<br>org.testng.TestRunner.run(TestRunner.java:617)<br>org.testng.SuiteRunner.runTest(SuiteRunner.java:334)<br>org.testng.SuiteRunner.runSequentially(SuiteRunner.java:329)<br>org.testng.SuiteRunner.privateRun(SuiteRunner.java:291)<br>org.testng.SuiteRunner.run(SuiteRunner.java:240)<br>org.testng.SuiteRunnerWorker.runSuite(SuiteRunnerWorker.java:52)<br>org.testng.SuiteRunnerWorker.run(SuiteRunnerWorker.java:86)<br>org.testng.TestNG.runSuitesSequentially(TestNG.java:1198)<br>org.testng.TestNG.runSuitesLocally(TestNG.java:1123)<br>org.testng.TestNG.run(TestNG.java:1031)<br>org.apache.maven.surefire.testng.TestNGExecutor.run(TestNGExecutor.java:135)<br>org.apache.maven.surefire.testng.TestNGDirectoryTestSuite.executeMulti(TestNGDirectoryTestSuite.java:193)<br>org.apache.maven.surefire.testng.TestNGDirectoryTestSuite.execute(TestNGDirectoryTestSuite.java:94)<br>org.apache.maven.surefire.testng.TestNGProvider.invoke(TestNGProvider.java:146)<br>org.apache.maven.surefire.booter.ForkedBooter.invokeProviderInSameClassLoader(ForkedBooter.java:384)<br>org.apache.maven.surefire.booter.ForkedBooter.runSuitesInProcess(ForkedBooter.java:345)<br>org.apache.maven.surefire.booter.ForkedBooter.execute(ForkedBooter.java:126)<br>org.apache.maven.surefire.booter.ForkedBooter.main(ForkedBooter.java:418)<br>
</div> <!-- stack-trace -->
                  <em>
(This test is to Searching for stephan Hawkins)                  </em>
                </div> <!-- method-content -->
              </div> <!-- method -->
            </div> <!-- main-panel-content rounded-window-bottom -->
          </div> <!-- suite-Surefire_suite-class-failed -->
          <div class="suite-Surefire_suite-class-skipped">
            <div class="main-panel-header rounded-window-top">
              <img src="skipped.png"/>
              <span class="class-name">com.pinelabs.RnD.AndroidTest.IrisAppTest</span>
            </div> <!-- main-panel-header rounded-window-top -->
            <div class="main-panel-content rounded-window-bottom">
              <div class="method">
                <div class="method-content">
                  <a name="getMasterData">
                  </a> <!-- getMasterData -->
                  <span class="method-name">getMasterData</span>
                </div> <!-- method-content -->
              </div> <!-- method -->
              <div class="method">
                <div class="method-content">
                  <a name="validateRadioButtons">
                  </a> <!-- validateRadioButtons -->
                  <span class="method-name">validateRadioButtons</span>
                </div> <!-- method-content -->
              </div> <!-- method -->
              <div class="method">
                <div class="method-content">
                  <a name="validateTextBoxes">
                  </a> <!-- validateTextBoxes -->
                  <span class="method-name">validateTextBoxes</span>
                </div> <!-- method-content -->
              </div> <!-- method -->
            </div> <!-- main-panel-content rounded-window-bottom -->
          </div> <!-- suite-Surefire_suite-class-skipped -->
          <div class="suite-Surefire_suite-class-skipped">
            <div class="main-panel-header rounded-window-top">
              <img src="skipped.png"/>
              <span class="class-name">com.pinelabs.RnD.AndroidTest.PaymentsUPIValidationsTest</span>
            </div> <!-- main-panel-header rounded-window-top -->
            <div class="main-panel-content rounded-window-bottom">
              <div class="method">
                <div class="method-content">
                  <a name="iCICI_UPI_001">
                  </a> <!-- iCICI_UPI_001 -->
                  <span class="method-name">iCICI_UPI_001</span>
                  <em>
(Validate the E2E UPI transaction through Payments App)                  </em>
                </div> <!-- method-content -->
              </div> <!-- method -->
              <div class="method">
                <div class="method-content">
                  <a name="iCICI_UPI_002">
                  </a> <!-- iCICI_UPI_002 -->
                  <span class="method-name">iCICI_UPI_002</span>
                  <em>
(Verify the ICICI UPI "Charge" Transaction.)                  </em>
                </div> <!-- method-content -->
              </div> <!-- method -->
              <div class="method">
                <div class="method-content">
                  <a name="iCICI_UPI_003">
                  </a> <!-- iCICI_UPI_003 -->
                  <span class="method-name">iCICI_UPI_003</span>
                  <em>
(Verify the ICICI UPI "GetStatus- Last" Transaction.)                  </em>
                </div> <!-- method-content -->
              </div> <!-- method -->
              <div class="method">
                <div class="method-content">
                  <a name="iCICI_UPI_004">
                  </a> <!-- iCICI_UPI_004 -->
                  <span class="method-name">iCICI_UPI_004</span>
                  <em>
(Verify the ICICI UPI "GetStatus- Any" Transaction.)                  </em>
                </div> <!-- method-content -->
              </div> <!-- method -->
              <div class="method">
                <div class="method-content">
                  <a name="iCICI_UPI_005">
                  </a> <!-- iCICI_UPI_005 -->
                  <span class="method-name">iCICI_UPI_005</span>
                  <em>
(Verify the ICICI_UPI "GetStatus" Transaction with incorrect Batch ID.)                  </em>
                </div> <!-- method-content -->
              </div> <!-- method -->
              <div class="method">
                <div class="method-content">
                  <a name="iCICI_UPI_005a">
                  </a> <!-- iCICI_UPI_005a -->
                  <span class="method-name">iCICI_UPI_005a</span>
                  <em>
(Verify the ICICI_UPI "GetStatus" Transaction with incorrect ROC ID.)                  </em>
                </div> <!-- method-content -->
              </div> <!-- method -->
              <div class="method">
                <div class="method-content">
                  <a name="iCICI_UPI_005b">
                  </a> <!-- iCICI_UPI_005b -->
                  <span class="method-name">iCICI_UPI_005b</span>
                  <em>
(Verify the ICICI_UPI "GetStatus" Transaction with incorrect Batch ID and ROC ID.)                  </em>
                </div> <!-- method-content -->
              </div> <!-- method -->
              <div class="method">
                <div class="method-content">
                  <a name="iCICI_UPI_010">
                  </a> <!-- iCICI_UPI_010 -->
                  <span class="method-name">iCICI_UPI_010</span>
                  <em>
(Perform ICICI UPI Transactions (4-Sale, 1-Void and 1-Reversal) and try to do batch settlement.)                  </em>
                </div> <!-- method-content -->
              </div> <!-- method -->
              <div class="method">
                <div class="method-content">
                  <a name="iCICI_UPI_011">
                  </a> <!-- iCICI_UPI_011 -->
                  <span class="method-name">iCICI_UPI_011</span>
                  <em>
(Generate "Reprint-Last" transaction chargeslip after successful ICICI_UPI transaction.)                  </em>
                </div> <!-- method-content -->
              </div> <!-- method -->
              <div class="method">
                <div class="method-content">
                  <a name="iCICI_UPI_012">
                  </a> <!-- iCICI_UPI_012 -->
                  <span class="method-name">iCICI_UPI_012</span>
                  <em>
(Generate "Reprint - Any" transaction chargeslip after successful ICICI_UPI transaction.)                  </em>
                </div> <!-- method-content -->
              </div> <!-- method -->
              <div class="method">
                <div class="method-content">
                  <a name="iCICI_UPI_013">
                  </a> <!-- iCICI_UPI_013 -->
                  <span class="method-name">iCICI_UPI_013</span>
                  <em>
(Perform ICICI UPI Transaction (4-Sale, 1-Void and 1-Reversal) after that try to Generate Reports - Curr. Batch Summary after )                  </em>
                </div> <!-- method-content -->
              </div> <!-- method -->
              <div class="method">
                <div class="method-content">
                  <a name="iCICI_UPI_014">
                  </a> <!-- iCICI_UPI_014 -->
                  <span class="method-name">iCICI_UPI_014</span>
                  <em>
(Perform ICICI UPI Transaction (4-Sale, 1-Void and 1-Reversal) after that try to Generate  "Reports - Batch Detail Summary")                  </em>
                </div> <!-- method-content -->
              </div> <!-- method -->
              <div class="method">
                <div class="method-content">
                  <a name="iCICI_UPI_015">
                  </a> <!-- iCICI_UPI_015 -->
                  <span class="method-name">iCICI_UPI_015</span>
                  <em>
(Perform ICICI UPI Transaction (4-Sale, 1-Void and 1-Reversal) After that Settle Batch, then try to Generate Reports - Last Batch Summary )                  </em>
                </div> <!-- method-content -->
              </div> <!-- method -->
              <div class="method">
                <div class="method-content">
                  <a name="iCICI_UPI_016">
                  </a> <!-- iCICI_UPI_016 -->
                  <span class="method-name">iCICI_UPI_016</span>
                  <em>
(Perform ICICI UPI Sale Transaction with QR code display time out  when successful payment done after time out.)                  </em>
                </div> <!-- method-content -->
              </div> <!-- method -->
              <div class="method">
                <div class="method-content">
                  <a name="iCICI_UPI_017">
                  </a> <!-- iCICI_UPI_017 -->
                  <span class="method-name">iCICI_UPI_017</span>
                  <em>
(Perform ICICI UPI Sale Transaction with QR code display time out when payment not done after time out.)                  </em>
                </div> <!-- method-content -->
              </div> <!-- method -->
              <div class="method">
                <div class="method-content">
                  <a name="iCICI_UPI_019">
                  </a> <!-- iCICI_UPI_019 -->
                  <span class="method-name">iCICI_UPI_019</span>
                  <em>
(Verify the ICICI UPI Sale Transaction when Host is unavailable/Not responding.)                  </em>
                </div> <!-- method-content -->
              </div> <!-- method -->
              <div class="method">
                <div class="method-content">
                  <a name="iCICI_UPI_020">
                  </a> <!-- iCICI_UPI_020 -->
                  <span class="method-name">iCICI_UPI_020</span>
                  <em>
(verify ICICI UPI settlement when only reversal in a batch)                  </em>
                </div> <!-- method-content -->
              </div> <!-- method -->
              <div class="method">
                <div class="method-content">
                  <a name="iCICI_UPI_022">
                  </a> <!-- iCICI_UPI_022 -->
                  <span class="method-name">iCICI_UPI_022</span>
                  <em>
(Verify the ICICI UPI Transaction and call back not received in certian time and auto" Get status" has been called.)                  </em>
                </div> <!-- method-content -->
              </div> <!-- method -->
              <div class="method">
                <div class="method-content">
                  <a name="iCICI_UPI_023">
                  </a> <!-- iCICI_UPI_023 -->
                  <span class="method-name">iCICI_UPI_023</span>
                  <em>
(Verify the ICICI UPI Transaction and Time out occurred and payment done.)                  </em>
                </div> <!-- method-content -->
              </div> <!-- method -->
              <div class="method">
                <div class="method-content">
                  <a name="iCICI_UPI_024">
                  </a> <!-- iCICI_UPI_024 -->
                  <span class="method-name">iCICI_UPI_024</span>
                  <em>
(Verify the ICICI UPI Transaction and Time out occurred and payment not done.)                  </em>
                </div> <!-- method-content -->
              </div> <!-- method -->
              <div class="method">
                <div class="method-content">
                  <a name="iCICI_UPI_025">
                  </a> <!-- iCICI_UPI_025 -->
                  <span class="method-name">iCICI_UPI_025</span>
                  <em>
(Verify the ICICI UPI settlement when only void in a batch.)                  </em>
                </div> <!-- method-content -->
              </div> <!-- method -->
              <div class="method">
                <div class="method-content">
                  <a name="iCICI_UPI_026">
                  </a> <!-- iCICI_UPI_026 -->
                  <span class="method-name">iCICI_UPI_026</span>
                  <em>
(Verify the ICICI UPI settlement when only void Reversal in a batch.)                  </em>
                </div> <!-- method-content -->
              </div> <!-- method -->
              <div class="method">
                <div class="method-content">
                  <a name="iCICI_UPI_027">
                  </a> <!-- iCICI_UPI_027 -->
                  <span class="method-name">iCICI_UPI_027</span>
                  <em>
(Verify the ICICI UPI settlement when ICICI UPI host is not availabale/Not responding)                  </em>
                </div> <!-- method-content -->
              </div> <!-- method -->
              <div class="method">
                <div class="method-content">
                  <a name="iCICI_UPI_028">
                  </a> <!-- iCICI_UPI_028 -->
                  <span class="method-name">iCICI_UPI_028</span>
                  <em>
(Validate the void in UPI transaction for already void ROC ID)                  </em>
                </div> <!-- method-content -->
              </div> <!-- method -->
              <div class="method">
                <div class="method-content">
                  <a name="iCICI_UPI_029">
                  </a> <!-- iCICI_UPI_029 -->
                  <span class="method-name">iCICI_UPI_029</span>
                  <em>
(Validate the reprint receipt of last void UPI transaction  )                  </em>
                </div> <!-- method-content -->
              </div> <!-- method -->
              <div class="method">
                <div class="method-content">
                  <a name="iCICI_UPI_030">
                  </a> <!-- iCICI_UPI_030 -->
                  <span class="method-name">iCICI_UPI_030</span>
                  <em>
(Validate the reprint receipt of last void UPI transaction  )                  </em>
                </div> <!-- method-content -->
              </div> <!-- method -->
            </div> <!-- main-panel-content rounded-window-bottom -->
          </div> <!-- suite-Surefire_suite-class-skipped -->
          <div class="suite-Surefire_suite-class-passed">
            <div class="main-panel-header rounded-window-top">
              <img src="passed.png"/>
              <span class="class-name">com.pinelabs.RnD.WebUITest.GoogleDemoTest</span>
            </div> <!-- main-panel-header rounded-window-top -->
            <div class="main-panel-content rounded-window-bottom">
              <div class="method">
                <div class="method-content">
                  <a name="fetchJsonData">
                  </a> <!-- fetchJsonData -->
                  <span class="method-name">fetchJsonData</span>
                  <em>
(Checking JSON utility)                  </em>
                </div> <!-- method-content -->
              </div> <!-- method -->
            </div> <!-- main-panel-content rounded-window-bottom -->
          </div> <!-- suite-Surefire_suite-class-passed -->
        </div> <!-- panel Surefire_suite -->
        <div panel-name="test-xml-Surefire_suite" class="panel">
          <div class="main-panel-header rounded-window-top">
          </div> <!-- main-panel-header rounded-window-top -->
          <div class="main-panel-content rounded-window-bottom">
            <pre>
&lt;?xml version=&quot;1.0&quot; encoding=&quot;UTF-8&quot;?&gt;
&lt;!DOCTYPE suite SYSTEM &quot;http://testng.org/testng-1.0.dtd&quot;&gt;
&lt;suite thread-count=&quot;1&quot; name=&quot;Surefire suite&quot; verbose=&quot;0&quot;&gt;
  &lt;test name=&quot;Surefire test&quot;&gt;
    &lt;classes&gt;
      &lt;class name=&quot;com.pinelabs.RnD.AndroidTest.IrisAppTest&quot;/&gt;
      &lt;class name=&quot;com.pinelabs.RnD.AndroidTest.PaymentsUPIValidationsTest&quot;/&gt;
      &lt;class name=&quot;com.pinelabs.RnD.AndroidTest.TestUtils&quot;/&gt;
      &lt;class name=&quot;com.pinelabs.RnD.WebUITest.GoogleDemoTest&quot;/&gt;
      &lt;class name=&quot;com.pinelabs.RnD.WebUITest.TestUtils&quot;/&gt;
    &lt;/classes&gt;
  &lt;/test&gt; &lt;!-- Surefire test --&gt;
&lt;/suite&gt; &lt;!-- Surefire suite --&gt;
            </pre>
          </div> <!-- main-panel-content rounded-window-bottom -->
        </div> <!-- panel -->
        <div panel-name="testlist-Surefire_suite" class="panel">
          <div class="main-panel-header rounded-window-top">
            <span class="header-content">Tests for Surefire suite</span>
          </div> <!-- main-panel-header rounded-window-top -->
          <div class="main-panel-content rounded-window-bottom">
            <ul>
              <li>
                <span class="test-name">Surefire test (5 classes)</span>
              </li>
            </ul>
          </div> <!-- main-panel-content rounded-window-bottom -->
        </div> <!-- panel -->
        <div panel-name="group-Surefire_suite" class="panel">
          <div class="main-panel-header rounded-window-top">
            <span class="header-content">Groups for Surefire suite</span>
          </div> <!-- main-panel-header rounded-window-top -->
          <div class="main-panel-content rounded-window-bottom">
          </div> <!-- main-panel-content rounded-window-bottom -->
        </div> <!-- panel -->
        <div panel-name="times-Surefire_suite" class="panel">
          <div class="main-panel-header rounded-window-top">
            <span class="header-content">Times for Surefire suite</span>
          </div> <!-- main-panel-header rounded-window-top -->
          <div class="main-panel-content rounded-window-bottom">
            <div class="times-div">
              <script type="text/javascript">
suiteTableInitFunctions.push('tableData_Surefire_suite');
function tableData_Surefire_suite() {
var data = new google.visualization.DataTable();
data.addColumn('number', 'Number');
data.addColumn('string', 'Method');
data.addColumn('string', 'Class');
data.addColumn('number', 'Time (ms)');
data.addRows(34);
data.setCell(0, 0, 0)
data.setCell(0, 1, 'launchpcui')
data.setCell(0, 2, 'com.pinelabs.RnD.WebUITest.GoogleDemoTest')
data.setCell(0, 3, 61763);
data.setCell(1, 0, 1)
data.setCell(1, 1, 'launchGoogle')
data.setCell(1, 2, 'com.pinelabs.RnD.WebUITest.GoogleDemoTest')
data.setCell(1, 3, 27964);
data.setCell(2, 0, 2)
data.setCell(2, 1, 'searchGoogle')
data.setCell(2, 2, 'com.pinelabs.RnD.WebUITest.GoogleDemoTest')
data.setCell(2, 3, 14811);
data.setCell(3, 0, 3)
data.setCell(3, 1, 'fetchJsonData')
data.setCell(3, 2, 'com.pinelabs.RnD.WebUITest.GoogleDemoTest')
data.setCell(3, 3, 16);
data.setCell(4, 0, 4)
data.setCell(4, 1, 'iCICI_UPI_026')
data.setCell(4, 2, 'com.pinelabs.RnD.AndroidTest.PaymentsUPIValidationsTest')
data.setCell(4, 3, 1);
data.setCell(5, 0, 5)
data.setCell(5, 1, 'iCICI_UPI_030')
data.setCell(5, 2, 'com.pinelabs.RnD.AndroidTest.PaymentsUPIValidationsTest')
data.setCell(5, 3, 1);
data.setCell(6, 0, 6)
data.setCell(6, 1, 'getMasterData')
data.setCell(6, 2, 'com.pinelabs.RnD.AndroidTest.IrisAppTest')
data.setCell(6, 3, 1);
data.setCell(7, 0, 7)
data.setCell(7, 1, 'iCICI_UPI_019')
data.setCell(7, 2, 'com.pinelabs.RnD.AndroidTest.PaymentsUPIValidationsTest')
data.setCell(7, 3, 1);
data.setCell(8, 0, 8)
data.setCell(8, 1, 'iCICI_UPI_005a')
data.setCell(8, 2, 'com.pinelabs.RnD.AndroidTest.PaymentsUPIValidationsTest')
data.setCell(8, 3, 1);
data.setCell(9, 0, 9)
data.setCell(9, 1, 'm2')
data.setCell(9, 2, 'com.pinelabs.RnD.WebUITest.GoogleDemoTest')
data.setCell(9, 3, 0);
data.setCell(10, 0, 10)
data.setCell(10, 1, 'iCICI_UPI_023')
data.setCell(10, 2, 'com.pinelabs.RnD.AndroidTest.PaymentsUPIValidationsTest')
data.setCell(10, 3, 0);
data.setCell(11, 0, 11)
data.setCell(11, 1, 'validateRadioButtons')
data.setCell(11, 2, 'com.pinelabs.RnD.AndroidTest.IrisAppTest')
data.setCell(11, 3, 0);
data.setCell(12, 0, 12)
data.setCell(12, 1, 'iCICI_UPI_003')
data.setCell(12, 2, 'com.pinelabs.RnD.AndroidTest.PaymentsUPIValidationsTest')
data.setCell(12, 3, 0);
data.setCell(13, 0, 13)
data.setCell(13, 1, 'iCICI_UPI_013')
data.setCell(13, 2, 'com.pinelabs.RnD.AndroidTest.PaymentsUPIValidationsTest')
data.setCell(13, 3, 0);
data.setCell(14, 0, 14)
data.setCell(14, 1, 'iCICI_UPI_025')
data.setCell(14, 2, 'com.pinelabs.RnD.AndroidTest.PaymentsUPIValidationsTest')
data.setCell(14, 3, 0);
data.setCell(15, 0, 15)
data.setCell(15, 1, 'iCICI_UPI_028')
data.setCell(15, 2, 'com.pinelabs.RnD.AndroidTest.PaymentsUPIValidationsTest')
data.setCell(15, 3, 0);
data.setCell(16, 0, 16)
data.setCell(16, 1, 'validateTextBoxes')
data.setCell(16, 2, 'com.pinelabs.RnD.AndroidTest.IrisAppTest')
data.setCell(16, 3, 0);
data.setCell(17, 0, 17)
data.setCell(17, 1, 'iCICI_UPI_029')
data.setCell(17, 2, 'com.pinelabs.RnD.AndroidTest.PaymentsUPIValidationsTest')
data.setCell(17, 3, 0);
data.setCell(18, 0, 18)
data.setCell(18, 1, 'iCICI_UPI_012')
data.setCell(18, 2, 'com.pinelabs.RnD.AndroidTest.PaymentsUPIValidationsTest')
data.setCell(18, 3, 0);
data.setCell(19, 0, 19)
data.setCell(19, 1, 'iCICI_UPI_027')
data.setCell(19, 2, 'com.pinelabs.RnD.AndroidTest.PaymentsUPIValidationsTest')
data.setCell(19, 3, 0);
data.setCell(20, 0, 20)
data.setCell(20, 1, 'iCICI_UPI_024')
data.setCell(20, 2, 'com.pinelabs.RnD.AndroidTest.PaymentsUPIValidationsTest')
data.setCell(20, 3, 0);
data.setCell(21, 0, 21)
data.setCell(21, 1, 'iCICI_UPI_004')
data.setCell(21, 2, 'com.pinelabs.RnD.AndroidTest.PaymentsUPIValidationsTest')
data.setCell(21, 3, 0);
data.setCell(22, 0, 22)
data.setCell(22, 1, 'iCICI_UPI_011')
data.setCell(22, 2, 'com.pinelabs.RnD.AndroidTest.PaymentsUPIValidationsTest')
data.setCell(22, 3, 0);
data.setCell(23, 0, 23)
data.setCell(23, 1, 'iCICI_UPI_014')
data.setCell(23, 2, 'com.pinelabs.RnD.AndroidTest.PaymentsUPIValidationsTest')
data.setCell(23, 3, 0);
data.setCell(24, 0, 24)
data.setCell(24, 1, 'iCICI_UPI_020')
data.setCell(24, 2, 'com.pinelabs.RnD.AndroidTest.PaymentsUPIValidationsTest')
data.setCell(24, 3, 0);
data.setCell(25, 0, 25)
data.setCell(25, 1, 'iCICI_UPI_010')
data.setCell(25, 2, 'com.pinelabs.RnD.AndroidTest.PaymentsUPIValidationsTest')
data.setCell(25, 3, 0);
data.setCell(26, 0, 26)
data.setCell(26, 1, 'iCICI_UPI_001')
data.setCell(26, 2, 'com.pinelabs.RnD.AndroidTest.PaymentsUPIValidationsTest')
data.setCell(26, 3, 0);
data.setCell(27, 0, 27)
data.setCell(27, 1, 'iCICI_UPI_002')
data.setCell(27, 2, 'com.pinelabs.RnD.AndroidTest.PaymentsUPIValidationsTest')
data.setCell(27, 3, 0);
data.setCell(28, 0, 28)
data.setCell(28, 1, 'iCICI_UPI_015')
data.setCell(28, 2, 'com.pinelabs.RnD.AndroidTest.PaymentsUPIValidationsTest')
data.setCell(28, 3, 0);
data.setCell(29, 0, 29)
data.setCell(29, 1, 'iCICI_UPI_005')
data.setCell(29, 2, 'com.pinelabs.RnD.AndroidTest.PaymentsUPIValidationsTest')
data.setCell(29, 3, 0);
data.setCell(30, 0, 30)
data.setCell(30, 1, 'iCICI_UPI_016')
data.setCell(30, 2, 'com.pinelabs.RnD.AndroidTest.PaymentsUPIValidationsTest')
data.setCell(30, 3, 0);
data.setCell(31, 0, 31)
data.setCell(31, 1, 'iCICI_UPI_017')
data.setCell(31, 2, 'com.pinelabs.RnD.AndroidTest.PaymentsUPIValidationsTest')
data.setCell(31, 3, 0);
data.setCell(32, 0, 32)
data.setCell(32, 1, 'iCICI_UPI_022')
data.setCell(32, 2, 'com.pinelabs.RnD.AndroidTest.PaymentsUPIValidationsTest')
data.setCell(32, 3, 0);
data.setCell(33, 0, 33)
data.setCell(33, 1, 'iCICI_UPI_005b')
data.setCell(33, 2, 'com.pinelabs.RnD.AndroidTest.PaymentsUPIValidationsTest')
data.setCell(33, 3, 0);
window.suiteTableData['Surefire_suite']= { tableData: data, tableDiv: 'times-div-Surefire_suite'}
return data;
}
              </script>
              <span class="suite-total-time">Total running time: 1 minutes</span>
              <div id="times-div-Surefire_suite">
              </div> <!-- times-div-Surefire_suite -->
            </div> <!-- times-div -->
          </div> <!-- main-panel-content rounded-window-bottom -->
        </div> <!-- panel -->
        <div panel-name="reporter-Surefire_suite" class="panel">
          <div class="main-panel-header rounded-window-top">
            <span class="header-content">Reporter output for Surefire suite</span>
          </div> <!-- main-panel-header rounded-window-top -->
          <div class="main-panel-content rounded-window-bottom">
          </div> <!-- main-panel-content rounded-window-bottom -->
        </div> <!-- panel -->
        <div panel-name="ignored-methods-Surefire_suite" class="panel">
          <div class="main-panel-header rounded-window-top">
            <span class="header-content">2 ignored methods</span>
          </div> <!-- main-panel-header rounded-window-top -->
          <div class="main-panel-content rounded-window-bottom">
            <div class="ignored-class-div">
              <span class="ignored-class-name">com.pinelabs.RnD.AndroidTest.IrisAppTest</span>
              <div class="ignored-methods-div">
                <span class="ignored-method-name">getInstances</span>
                <br/>
              </div> <!-- ignored-methods-div -->
            </div> <!-- ignored-class-div -->
            <div class="ignored-class-div">
              <span class="ignored-class-name">com.pinelabs.RnD.WebUITest.TestUtils</span>
              <div class="ignored-methods-div">
                <span class="ignored-method-name">extents</span>
                <br/>
              </div> <!-- ignored-methods-div -->
            </div> <!-- ignored-class-div -->
          </div> <!-- main-panel-content rounded-window-bottom -->
        </div> <!-- panel -->
        <div panel-name="chronological-Surefire_suite" class="panel">
          <div class="main-panel-header rounded-window-top">
            <span class="header-content">Methods in chronological order</span>
          </div> <!-- main-panel-header rounded-window-top -->
          <div class="main-panel-content rounded-window-bottom">
            <div class="chronological-class">
              <div class="chronological-class-name">com.pinelabs.RnD.WebUITest.GoogleDemoTest</div> <!-- chronological-class-name -->
              <div class="configuration-suite before">
                <span class="method-name">extents</span>
                <span class="method-start">0 ms</span>
              </div> <!-- configuration-suite before -->
            </div> <!-- chronological-class -->
            <div class="chronological-class">
              <div class="chronological-class-name">com.pinelabs.RnD.AndroidTest.TestUtils</div> <!-- chronological-class-name -->
              <div class="configuration-suite before">
                <span class="method-name">getInstances</span>
                <span class="method-start">511 ms</span>
              </div> <!-- configuration-suite before -->
            </div> <!-- chronological-class -->
            <div class="chronological-class">
              <div class="chronological-class-name">com.pinelabs.RnD.WebUITest.GoogleDemoTest</div> <!-- chronological-class-name -->
              <div class="configuration-class before">
                <span class="method-name">getInstances</span>
                <span class="method-start">562 ms</span>
              </div> <!-- configuration-class before -->
              <div class="configuration-method before">
                <span class="method-name">setMethodAndClassDetails(public void com.pinelabs.RnD.WebUITest.GoogleDemoTest.fetchJsonData(), org.testng.TestRunner@5b251fb...)</span>
                <span class="method-start">569 ms</span>
              </div> <!-- configuration-method before -->
              <div class="test-method">
                <span class="method-name">fetchJsonData</span>
                <span class="method-start">577 ms</span>
              </div> <!-- test-method -->
              <div class="configuration-method after">
                <span class="method-name">generate([TestResult name=fetchJsonData status=SUCCESS method=GoogleDemoTest.fetchJsonData()[pri:0, instance:...)</span>
                <span class="method-start">593 ms</span>
              </div> <!-- configuration-method after -->
              <div class="test-method">
                <img src="failed.png">
                </img>
                <span class="method-name">launchGoogle</span>
                <span class="method-start">1395 ms</span>
              </div> <!-- test-method -->
              <div class="configuration-method before">
                <span class="method-name">setMethodAndClassDetails(public void com.pinelabs.RnD.WebUITest.GoogleDemoTest.launchGoogle(), org.testng.TestRunner@5b251fb9)</span>
                <span class="method-start">1395 ms</span>
              </div> <!-- configuration-method before -->
              <div class="configuration-method after">
                <span class="method-name">generate([TestResult name=launchGoogle status=FAILURE method=GoogleDemoTest.launchGoogle()[pri:0, instance:co...)</span>
                <span class="method-start">29370 ms</span>
              </div> <!-- configuration-method after -->
              <div class="configuration-method before">
                <span class="method-name">setMethodAndClassDetails(public void com.pinelabs.RnD.WebUITest.GoogleDemoTest.launchpcui(), org.testng.TestRunner@5b251fb9)</span>
                <span class="method-start">31693 ms</span>
              </div> <!-- configuration-method before -->
              <div class="test-method">
                <img src="failed.png">
                </img>
                <span class="method-name">launchpcui</span>
                <span class="method-start">31695 ms</span>
              </div> <!-- test-method -->
              <div class="configuration-method after">
                <span class="method-name">generate([TestResult name=launchpcui status=FAILURE method=GoogleDemoTest.launchpcui()[pri:0, instance:com.pi...)</span>
                <span class="method-start">93461 ms</span>
              </div> <!-- configuration-method after -->
              <div class="configuration-method before">
                <span class="method-name">setMethodAndClassDetails(public void com.pinelabs.RnD.WebUITest.GoogleDemoTest.searchGoogle(), org.testng.TestRunner@5b251fb9)</span>
                <span class="method-start">93752 ms</span>
              </div> <!-- configuration-method before -->
              <div class="test-method">
                <img src="failed.png">
                </img>
                <span class="method-name">searchGoogle</span>
                <span class="method-start">93753 ms</span>
              </div> <!-- test-method -->
              <div class="configuration-method after">
                <img src="failed.png">
                </img>
                <span class="method-name">generate([TestResult name=searchGoogle status=FAILURE method=GoogleDemoTest.searchGoogle()[pri:0, instance:co...)</span>
                <span class="method-start">108565 ms</span>
              </div> <!-- configuration-method after -->
            </div> <!-- chronological-class -->
            <div class="chronological-class">
              <div class="chronological-class-name">com.pinelabs.RnD.AndroidTest.IrisAppTest</div> <!-- chronological-class-name -->
              <div class="configuration-class before">
                <img src="failed.png">
                </img>
                <span class="method-name">initiation</span>
                <span class="method-start">120759 ms</span>
              </div> <!-- configuration-class before -->
              <div class="test-method">
                <span class="method-name">validateTextBoxes</span>
                <span class="method-start">151123 ms</span>
              </div> <!-- test-method -->
              <div class="test-method">
                <span class="method-name">getMasterData</span>
                <span class="method-start">151124 ms</span>
              </div> <!-- test-method -->
              <div class="test-method">
                <span class="method-name">validateRadioButtons</span>
                <span class="method-start">151124 ms</span>
              </div> <!-- test-method -->
            </div> <!-- chronological-class -->
            <div class="chronological-class">
              <div class="chronological-class-name">com.pinelabs.RnD.AndroidTest.PaymentsUPIValidationsTest</div> <!-- chronological-class-name -->
              <div class="configuration-class before">
                <img src="failed.png">
                </img>
                <span class="method-name">getInstances</span>
                <span class="method-start">151128 ms</span>
              </div> <!-- configuration-class before -->
              <div class="test-method">
                <span class="method-name">iCICI_UPI_001</span>
                <span class="method-start">151191 ms</span>
              </div> <!-- test-method -->
              <div class="test-method">
                <span class="method-name">iCICI_UPI_002</span>
                <span class="method-start">151192 ms</span>
              </div> <!-- test-method -->
              <div class="test-method">
                <span class="method-name">iCICI_UPI_003</span>
                <span class="method-start">151192 ms</span>
              </div> <!-- test-method -->
              <div class="test-method">
                <span class="method-name">iCICI_UPI_004</span>
                <span class="method-start">151193 ms</span>
              </div> <!-- test-method -->
              <div class="test-method">
                <span class="method-name">iCICI_UPI_005</span>
                <span class="method-start">151193 ms</span>
              </div> <!-- test-method -->
              <div class="test-method">
                <span class="method-name">iCICI_UPI_005a</span>
                <span class="method-start">151193 ms</span>
              </div> <!-- test-method -->
              <div class="test-method">
                <span class="method-name">iCICI_UPI_005b</span>
                <span class="method-start">151194 ms</span>
              </div> <!-- test-method -->
              <div class="test-method">
                <span class="method-name">iCICI_UPI_010</span>
                <span class="method-start">151194 ms</span>
              </div> <!-- test-method -->
              <div class="test-method">
                <span class="method-name">iCICI_UPI_011</span>
                <span class="method-start">151195 ms</span>
              </div> <!-- test-method -->
              <div class="test-method">
                <span class="method-name">iCICI_UPI_012</span>
                <span class="method-start">151195 ms</span>
              </div> <!-- test-method -->
              <div class="test-method">
                <span class="method-name">iCICI_UPI_013</span>
                <span class="method-start">151195 ms</span>
              </div> <!-- test-method -->
              <div class="test-method">
                <span class="method-name">iCICI_UPI_014</span>
                <span class="method-start">151195 ms</span>
              </div> <!-- test-method -->
              <div class="test-method">
                <span class="method-name">iCICI_UPI_015</span>
                <span class="method-start">151196 ms</span>
              </div> <!-- test-method -->
              <div class="test-method">
                <span class="method-name">iCICI_UPI_016</span>
                <span class="method-start">151196 ms</span>
              </div> <!-- test-method -->
              <div class="test-method">
                <span class="method-name">iCICI_UPI_017</span>
                <span class="method-start">151196 ms</span>
              </div> <!-- test-method -->
              <div class="test-method">
                <span class="method-name">iCICI_UPI_019</span>
                <span class="method-start">151196 ms</span>
              </div> <!-- test-method -->
              <div class="test-method">
                <span class="method-name">iCICI_UPI_020</span>
                <span class="method-start">151197 ms</span>
              </div> <!-- test-method -->
              <div class="test-method">
                <span class="method-name">iCICI_UPI_022</span>
                <span class="method-start">151197 ms</span>
              </div> <!-- test-method -->
              <div class="test-method">
                <span class="method-name">iCICI_UPI_023</span>
                <span class="method-start">151197 ms</span>
              </div> <!-- test-method -->
              <div class="test-method">
                <span class="method-name">iCICI_UPI_024</span>
                <span class="method-start">151198 ms</span>
              </div> <!-- test-method -->
              <div class="test-method">
                <span class="method-name">iCICI_UPI_025</span>
                <span class="method-start">151198 ms</span>
              </div> <!-- test-method -->
              <div class="test-method">
                <span class="method-name">iCICI_UPI_026</span>
                <span class="method-start">151198 ms</span>
              </div> <!-- test-method -->
              <div class="test-method">
                <span class="method-name">iCICI_UPI_027</span>
                <span class="method-start">151199 ms</span>
              </div> <!-- test-method -->
              <div class="test-method">
                <span class="method-name">iCICI_UPI_028</span>
                <span class="method-start">151199 ms</span>
              </div> <!-- test-method -->
              <div class="test-method">
                <span class="method-name">iCICI_UPI_029</span>
                <span class="method-start">151199 ms</span>
              </div> <!-- test-method -->
              <div class="test-method">
                <span class="method-name">iCICI_UPI_030</span>
                <span class="method-start">151199 ms</span>
              </div> <!-- test-method -->
          </div> <!-- main-panel-content rounded-window-bottom -->
        </div> <!-- panel -->
      </div> <!-- main-panel-root -->
    </div> <!-- wrapper -->
  </body>
</html>
